[    0.000000] Linux version 4.15.0-45-generic (buildd@lgw01-amd64-031) (gcc version 7.3.0 (Ubuntu 7.3.0-16ubuntu3)) #48-Ubuntu SMP Tue Jan 29 16:28:13 UTC 2019 (Ubuntu 4.15.0-45.48-generic 4.15.18)
[    0.000000] Command line: BOOT_IMAGE=/boot/vmlinuz-4.15.0-45-generic root=LABEL=cloudimg-rootfs ro console=tty1 console=ttyS0
[    0.000000] KERNEL supported cpus:
[    0.000000]   Intel GenuineIntel
[    0.000000]   AMD AuthenticAMD
[    0.000000]   Centaur CentaurHauls
[    0.000000] x86/fpu: Supporting XSAVE feature 0x001: 'x87 floating point registers'
[    0.000000] x86/fpu: Supporting XSAVE feature 0x002: 'SSE registers'
[    0.000000] x86/fpu: Supporting XSAVE feature 0x004: 'AVX registers'
[    0.000000] x86/fpu: xstate_offset[2]:  576, xstate_sizes[2]:  256
[    0.000000] x86/fpu: Enabled xstate features 0x7, context size is 832 bytes, using 'standard' format.
[    0.000000] e820: BIOS-provided physical RAM map:
[    0.000000] BIOS-e820: [mem 0x0000000000000000-0x000000000009fbff] usable
[    0.000000] BIOS-e820: [mem 0x000000000009fc00-0x000000000009ffff] reserved
[    0.000000] BIOS-e820: [mem 0x00000000000f0000-0x00000000000fffff] reserved
[    0.000000] BIOS-e820: [mem 0x0000000000100000-0x000000003ffeffff] usable
[    0.000000] BIOS-e820: [mem 0x000000003fff0000-0x000000003fffffff] ACPI data
[    0.000000] BIOS-e820: [mem 0x00000000fec00000-0x00000000fec00fff] reserved
[    0.000000] BIOS-e820: [mem 0x00000000fee00000-0x00000000fee00fff] reserved
[    0.000000] BIOS-e820: [mem 0x00000000fffc0000-0x00000000ffffffff] reserved
[    0.000000] NX (Execute Disable) protection: active
[    0.000000] SMBIOS 2.5 present.
[    0.000000] DMI: innotek GmbH VirtualBox/VirtualBox, BIOS VirtualBox 12/01/2006
[    0.000000] Hypervisor detected: KVM
[    0.000000] e820: last_pfn = 0x3fff0 max_arch_pfn = 0x400000000
[    0.000000] MTRR: Disabled
[    0.000000] x86/PAT: MTRRs disabled, skipping PAT initialization too.
[    0.000000] CPU MTRRs all blank - virtualized system.
[    0.000000] x86/PAT: Configuration [0-7]: WB  WT  UC- UC  WB  WT  UC- UC  
[    0.000000] found SMP MP-table at [mem 0x0009fff0-0x0009ffff] mapped at [        (ptrval)]
[    0.000000] Scanning 1 areas for low memory corruption
[    0.000000] RAMDISK: [mem 0x35adf000-0x36d66fff]
[    0.000000] ACPI: Early table checksum verification disabled
[    0.000000] ACPI: RSDP 0x00000000000E0000 000024 (v02 VBOX  )
[    0.000000] ACPI: XSDT 0x000000003FFF0030 00003C (v01 VBOX   VBOXXSDT 00000001 ASL  00000061)
[    0.000000] ACPI: FACP 0x000000003FFF00F0 0000F4 (v04 VBOX   VBOXFACP 00000001 ASL  00000061)
[    0.000000] ACPI: DSDT 0x000000003FFF0470 0021FF (v02 VBOX   VBOXBIOS 00000002 INTL 20180105)
[    0.000000] ACPI: FACS 0x000000003FFF0200 000040
[    0.000000] ACPI: FACS 0x000000003FFF0200 000040
[    0.000000] ACPI: APIC 0x000000003FFF0240 00005C (v02 VBOX   VBOXAPIC 00000001 ASL  00000061)
[    0.000000] ACPI: SSDT 0x000000003FFF02A0 0001CC (v01 VBOX   VBOXCPUT 00000002 INTL 20180105)
[    0.000000] No NUMA configuration found
[    0.000000] Faking a node at [mem 0x0000000000000000-0x000000003ffeffff]
[    0.000000] NODE_DATA(0) allocated [mem 0x3ffc5000-0x3ffeffff]
[    0.000000] kvm-clock: cpu 0, msr 0:3ff44001, primary cpu clock
[    0.000000] kvm-clock: Using msrs 4b564d01 and 4b564d00
[    0.000000] kvm-clock: using sched offset of 3049124842 cycles
[    0.000000] clocksource: kvm-clock: mask: 0xffffffffffffffff max_cycles: 0x1cd42e4dffb, max_idle_ns: 881590591483 ns
[    0.000000] Zone ranges:
[    0.000000]   DMA      [mem 0x0000000000001000-0x0000000000ffffff]
[    0.000000]   DMA32    [mem 0x0000000001000000-0x000000003ffeffff]
[    0.000000]   Normal   empty
[    0.000000]   Device   empty
[    0.000000] Movable zone start for each node
[    0.000000] Early memory node ranges
[    0.000000]   node   0: [mem 0x0000000000001000-0x000000000009efff]
[    0.000000]   node   0: [mem 0x0000000000100000-0x000000003ffeffff]
[    0.000000] Reserved but unavailable: 114 pages
[    0.000000] Initmem setup node 0 [mem 0x0000000000001000-0x000000003ffeffff]
[    0.000000] ACPI: PM-Timer IO Port: 0x4008
[    0.000000] IOAPIC[0]: apic_id 2, version 32, address 0xfec00000, GSI 0-23
[    0.000000] ACPI: INT_SRC_OVR (bus 0 bus_irq 0 global_irq 2 dfl dfl)
[    0.000000] ACPI: INT_SRC_OVR (bus 0 bus_irq 9 global_irq 9 low level)
[    0.000000] Using ACPI (MADT) for SMP configuration information
[    0.000000] smpboot: Allowing 2 CPUs, 0 hotplug CPUs
[    0.000000] PM: Registered nosave memory: [mem 0x00000000-0x00000fff]
[    0.000000] PM: Registered nosave memory: [mem 0x0009f000-0x0009ffff]
[    0.000000] PM: Registered nosave memory: [mem 0x000a0000-0x000effff]
[    0.000000] PM: Registered nosave memory: [mem 0x000f0000-0x000fffff]
[    0.000000] e820: [mem 0x40000000-0xfebfffff] available for PCI devices
[    0.000000] Booting paravirtualized kernel on KVM
[    0.000000] clocksource: refined-jiffies: mask: 0xffffffff max_cycles: 0xffffffff, max_idle_ns: 7645519600211568 ns
[    0.000000] random: get_random_bytes called from start_kernel+0x99/0x4fd with crng_init=0
[    0.000000] setup_percpu: NR_CPUS:8192 nr_cpumask_bits:2 nr_cpu_ids:2 nr_node_ids:1
[    0.000000] percpu: Embedded 46 pages/cpu @        (ptrval) s151552 r8192 d28672 u1048576
[    0.000000] PV qspinlock hash table entries: 256 (order: 0, 4096 bytes)
[    0.000000] Built 1 zonelists, mobility grouping on.  Total pages: 257913
[    0.000000] Policy zone: DMA32
[    0.000000] Kernel command line: BOOT_IMAGE=/boot/vmlinuz-4.15.0-45-generic root=LABEL=cloudimg-rootfs ro console=tty1 console=ttyS0
[    0.000000] Memory: 983608K/1048120K available (12300K kernel code, 2473K rwdata, 4252K rodata, 2408K init, 2416K bss, 64512K reserved, 0K cma-reserved)
[    0.000000] SLUB: HWalign=64, Order=0-3, MinObjects=0, CPUs=2, Nodes=1
[    0.000000] Kernel/User page tables isolation: enabled
[    0.000000] ftrace: allocating 39194 entries in 154 pages
[    0.004000] Hierarchical RCU implementation.
[    0.004000] 	RCU restricting CPUs from NR_CPUS=8192 to nr_cpu_ids=2.
[    0.004000] 	Tasks RCU enabled.
[    0.004000] RCU: Adjusting geometry for rcu_fanout_leaf=16, nr_cpu_ids=2
[    0.004000] NR_IRQS: 524544, nr_irqs: 440, preallocated irqs: 16
[    0.004000] Console: colour VGA+ 80x25
[    0.004000] console [tty1] enabled
[    0.004000] console [ttyS0] enabled
[    0.004000] ACPI: Core revision 20170831
[    0.004000] ACPI: 2 ACPI AML tables successfully acquired and loaded
[    0.004000] APIC: Switch to symmetric I/O mode setup
[    0.004000] x2apic enabled
[    0.004000] Switched APIC routing to physical x2apic.
[    0.004000] ..TIMER: vector=0x30 apic1=0 pin1=2 apic2=-1 pin2=-1
[    0.004000] tsc: Detected 3680.888 MHz processor
[    0.004000] Calibrating delay loop (skipped) preset value.. 7361.77 BogoMIPS (lpj=14723552)
[    0.004004] pid_max: default: 32768 minimum: 301
[    0.004808] Security Framework initialized
[    0.005504] Yama: becoming mindful.
[    0.006194] AppArmor: AppArmor initialized
[    0.007413] Dentry cache hash table entries: 131072 (order: 8, 1048576 bytes)
[    0.008040] Inode-cache hash table entries: 65536 (order: 7, 524288 bytes)
[    0.009219] Mount-cache hash table entries: 2048 (order: 2, 16384 bytes)
[    0.010439] Mountpoint-cache hash table entries: 2048 (order: 2, 16384 bytes)
[    0.012162] mce: CPU supports 0 MCE banks
[    0.012858] Last level iTLB entries: 4KB 64, 2MB 8, 4MB 8
[    0.013816] Last level dTLB entries: 4KB 64, 2MB 0, 4MB 0, 1GB 4
[    0.014923] Spectre V2 : Mitigation: Full generic retpoline
[    0.016001] Spectre V2 : Spectre v2 / SpectreRSB mitigation: Filling RSB on context switch
[    0.017448] Speculative Store Bypass: Vulnerable
[    0.018324] Freeing SMP alternatives memory: 36K
[    0.024000] smpboot: CPU0: Intel(R) Core(TM) i7-7700 CPU @ 3.60GHz (family: 0x6, model: 0x9e, stepping: 0x9)
[    0.024000] Performance Events: unsupported p6 CPU model 158 no PMU driver, software events only.
[    0.024000] Hierarchical SRCU implementation.
[    0.024430] NMI watchdog: Perf event create on CPU 0 failed with -2
[    0.025588] NMI watchdog: Perf NMI watchdog permanently disabled
[    0.026704] smp: Bringing up secondary CPUs ...
[    0.027598] x86: Booting SMP configuration:
[    0.028002] .... node  #0, CPUs:      #1
[    0.004000] kvm-clock: cpu 1, msr 0:3ff44041, secondary cpu clock
[    0.004000] mce: CPU supports 0 MCE banks
[    0.032016] smp: Brought up 1 node, 2 CPUs
[    0.032777] smpboot: Max logical packages: 1
[    0.034113] smpboot: Total of 2 processors activated (14723.55 BogoMIPS)
[    0.036000] devtmpfs: initialized
[    0.036041] x86/mm: Memory block size: 128MB
[    0.037029] evm: security.selinux
[    0.040002] evm: security.SMACK64
[    0.040596] evm: security.SMACK64EXEC
[    0.041284] evm: security.SMACK64TRANSMUTE
[    0.042052] evm: security.SMACK64MMAP
[    0.042707] evm: security.apparmor
[    0.043367] evm: security.ima
[    0.044015] evm: security.capability
[    0.044773] clocksource: jiffies: mask: 0xffffffff max_cycles: 0xffffffff, max_idle_ns: 7645041785100000 ns
[    0.045624] futex hash table entries: 512 (order: 3, 32768 bytes)
[    0.046806] pinctrl core: initialized pinctrl subsystem
[    0.048365] RTC time: 10:28:00, date: 03/04/19
[    0.049318] NET: Registered protocol family 16
[    0.050299] audit: initializing netlink subsys (disabled)
[    0.052021] audit: type=2000 audit(1551695284.425:1): state=initialized audit_enabled=0 res=1
[    0.052103] cpuidle: using governor ladder
[    0.052829] cpuidle: using governor menu
[    0.053570] ACPI: bus type PCI registered
[    0.054327] acpiphp: ACPI Hot Plug PCI Controller Driver version: 0.5
[    0.056065] PCI: Using configuration type 1 for base access
[    0.057030] HugeTLB registered 2.00 MiB page size, pre-allocated 0 pages
[    0.058034] ACPI: Added _OSI(Module Device)
[    0.060005] ACPI: Added _OSI(Processor Device)
[    0.060985] ACPI: Added _OSI(3.0 _SCP Extensions)
[    0.064002] ACPI: Added _OSI(Processor Aggregator Device)
[    0.064931] ACPI: Added _OSI(Linux-Dell-Video)
[    0.065763] ACPI: Added _OSI(Linux-Lenovo-NV-HDMI-Audio)
[    0.068003] ACPI: Added _OSI(Linux-HPI-Hybrid-Graphics)
[    0.069142] ACPI: Executed 1 blocks of module-level executable AML code
[    0.072934] ACPI: Interpreter enabled
[    0.073648] ACPI: (supports S0 S5)
[    0.074316] ACPI: Using IOAPIC for interrupt routing
[    0.075424] PCI: Using host bridge windows from ACPI; if necessary, use "pci=nocrs" and report a bug
[    0.076108] ACPI: Enabled 2 GPEs in block 00 to 07
[    0.081698] ACPI: PCI Root Bridge [PCI0] (domain 0000 [bus 00-ff])
[    0.083025] acpi PNP0A03:00: _OSC: OS supports [ASPM ClockPM Segments MSI]
[    0.084019] acpi PNP0A03:00: _OSC: not requesting OS control; OS requires [ExtendedConfig ASPM ClockPM MSI]
[    0.085723] acpi PNP0A03:00: fail to add MMCONFIG information, can't access extended PCI configuration space under this bridge.
[    0.088215] PCI host bridge to bus 0000:00
[    0.088995] pci_bus 0000:00: root bus resource [io  0x0000-0x0cf7 window]
[    0.090257] pci_bus 0000:00: root bus resource [io  0x0d00-0xffff window]
[    0.091480] pci_bus 0000:00: root bus resource [mem 0x000a0000-0x000bffff window]
[    0.092003] pci_bus 0000:00: root bus resource [mem 0x40000000-0xfdffffff window]
[    0.093419] pci_bus 0000:00: root bus resource [bus 00-ff]
[    0.096818] pci 0000:00:01.1: legacy IDE quirk: reg 0x10: [io  0x01f0-0x01f7]
[    0.098095] pci 0000:00:01.1: legacy IDE quirk: reg 0x14: [io  0x03f6]
[    0.099307] pci 0000:00:01.1: legacy IDE quirk: reg 0x18: [io  0x0170-0x0177]
[    0.100002] pci 0000:00:01.1: legacy IDE quirk: reg 0x1c: [io  0x0376]
[    0.111212] pci 0000:00:07.0: quirk: [io  0x4000-0x403f] claimed by PIIX4 ACPI
[    0.112031] pci 0000:00:07.0: quirk: [io  0x4100-0x410f] claimed by PIIX4 SMB
[    0.120000] ACPI: PCI Interrupt Link [LNKA] (IRQs 5 9 10 *11)
[    0.120313] ACPI: PCI Interrupt Link [LNKB] (IRQs 5 9 *10 11)
[    0.121335] ACPI: PCI Interrupt Link [LNKC] (IRQs 5 *9 10 11)
[    0.122244] ACPI: PCI Interrupt Link [LNKD] (IRQs 5 9 10 *11)
[    0.124282] SCSI subsystem initialized
[    0.124929] pci 0000:00:02.0: vgaarb: setting as boot VGA device
[    0.124961] pci 0000:00:02.0: vgaarb: VGA device added: decodes=io+mem,owns=io+mem,locks=none
[    0.128009] pci 0000:00:02.0: vgaarb: bridge control possible
[    0.128713] vgaarb: loaded
[    0.129126] ACPI: bus type USB registered
[    0.129714] usbcore: registered new interface driver usbfs
[    0.130475] usbcore: registered new interface driver hub
[    0.131181] usbcore: registered new device driver usb
[    0.132022] EDAC MC: Ver: 3.0.0
[    0.132676] PCI: Using ACPI for IRQ routing
[    0.136196] NetLabel: Initializing
[    0.136733] NetLabel:  domain hash size = 128
[    0.137429] NetLabel:  protocols = UNLABELED CIPSOv4 CALIPSO
[    0.138285] NetLabel:  unlabeled traffic allowed by default
[    0.139017] clocksource: Switched to clocksource kvm-clock
[    0.143832] VFS: Disk quotas dquot_6.6.0
[    0.145482] VFS: Dquot-cache hash table entries: 512 (order 0, 4096 bytes)
[    0.147330] AppArmor: AppArmor Filesystem Enabled
[    0.148777] pnp: PnP ACPI init
[    0.150142] pnp: PnP ACPI: found 3 devices
[    0.158127] clocksource: acpi_pm: mask: 0xffffff max_cycles: 0xffffff, max_idle_ns: 2085701024 ns
[    0.159727] T: Registered protocol family 2

[    0.199307] TCP established hash table entries: 8192 (order: 4, 65536 bytes)
[    0.245634] TCP bind hash table entries: 8192 (order: 5, 131072 bytes)
[    0.246592] TCP: Hash tables configured (established 8192 bind 8192)
[    0.247660] UDP hash table entries: 512 (order: 2, 16384 bytes)
[    0.248540] UDP-Lite hash table entries: 512 (order: 2, 16384 bytes)
[    0.249469] NET: Registered protocol family 1
[    0.250108] pci 0000:00:00.0: Limiting direct PCI/PCI transfers
[    0.250959] pci 0000:00:01.0: Activating ISA DMA hang workarounds
[    0.251832] pci 0000:00:02.0: Video device with shadowed ROM at [mem 0x000c0000-0x000dffff]
[    0.253054] Unpacking initramfs...
[    0.448349] Freeing initrd memory: 18976K
[    0.454164] platform rtc_cmos: registered platform RTC device (no PNP device found)
[    0.455296] Scanning for low memory corruption every 60 seconds
[    0.456671] Initialise system trusted keyrings
[    0.457431] Key type blacklist registered
[    0.459363] workingset: timestamp_bits=36 max_order=18 bucket_order=0
[    0.461080] zbud: loaded
[    0.461894] squashfs: version 4.0 (2009/01/31) Phillip Lougher
[    0.462885] fuse init (API version 7.26)
[    0.464919] Key type asymmetric registered
[    0.465538] Asymmetric key parser 'x509' registered
[    0.466312] Block layer SCSI generic (bsg) driver version 0.4 loaded (major 246)
[    0.485922] io scheduler noop registered
[    0.486542] io scheduler deadline registered
[    0.487235] io scheduler cfq registered (default)
[    0.488153] ACPI: AC Adapter [AC] (on-line)
[    0.488803] input: Power Button as /devices/LNXSYSTM:00/LNXPWRBN:00/input/input0
[    0.489906] ACPI: Power Button [PWRF]
[    0.490489] input: Sleep Button as /devices/LNXSYSTM:00/LNXSLPBN:00/input/input1
[    0.491576] ACPI: Sleep Button [SLPF]
[    0.492415] Serial: 8250/16550 driver, 32 ports, IRQ sharing enabled
[    0.514869] 00:02: ttyS0 at I/O 0x3f8 (irq = 4, base_baud = 115200) is a 16550A
[    0.519600] Linux agpgart interface v0.103
[    0.521583] loop: module loaded
[    0.522457] scsi host0: ata_piix
[    0.523015] scsi host1: ata_piix
[    0.523491] ata1: PATA max UDMA/33 cmd 0x1f0 ctl 0x3f6 bmdma 0xd000 irq 14
[    0.524414] ata2: PATA max UDMA/33 cmd 0x170 ctl 0x376 bmdma 0xd008 irq 15
[    0.525445] libphy: Fixed MDIO Bus: probed
[    0.525998] tun: Universal TUN/TAP device driver, 1.6
[    0.526745] PPP generic driver version 2.4.2
[    0.527451] ehci_hcd: USB 2.0 'Enhanced' Host Controller (EHCI) Driver
[    0.528383] ehci-pci: EHCI PCI platform driver
[    0.529112] ehci-platform: EHCI generic platform driver
[    0.529897] ohci_hcd: USB 1.1 'Open' Host Controller (OHCI) Driver
[    0.530823] ohci-pci: OHCI PCI platform driver
[    0.536700] ohci-platform: OHCI generic platform driver
[    0.537475] uhci_hcd: USB Universal Host Controller Interface driver
[    0.538406] i8042: PNP: PS/2 Controller [PNP0303:PS2K,PNP0f03:PS2M] at 0x60,0x64 irq 1,12
[    0.539941] serio: i8042 KBD port at 0x60,0x64 irq 1
[    0.540833] serio: i8042 AUX port at 0x60,0x64 irq 12
[    0.541915] mousedev: PS/2 mouse device common for all mice
[    0.543252] input: AT Translated Set 2 keyboard as /devices/platform/i8042/serio0/input/input2
[    0.544046] rtc_cmos rtc_cmos: rtc core: registered rtc_cmos as rtc0
[    0.544095] rtc_cmos rtc_cmos: alarms up to one day, 114 bytes nvram
[    0.544102] i2c /dev entries driver
[    0.544107] pcie_mp2_amd: AMD(R) PCI-E MP2 Communication Driver Version: 1.0
[    0.544163] device-mapper: uevent: version 1.0.3
[    0.544202] device-mapper: ioctl: 4.37.0-ioctl (2017-09-20) initialised: dm-devel@redhat.com
[    0.562952] ledtrig-cpu: registered to indicate activity on CPUs
[    0.563977] NET: Registered protocol family 10
[    0.569709] Segment Routing with IPv6
[    0.570271] NET: Registered protocol family 17
[    0.570936] Key type dns_resolver registered
[    0.571647] RAS: Correctable Errors collector initialized.
[    0.572450] sched_clock: Marking stable (572435229, 0)->(855138584, -282703355)
[    0.573774] registered taskstats version 1
[    0.574482] Loading compiled-in X.509 certificates
[    0.576779] Loaded X.509 cert 'Build time autogenerated kernel key: e3b8f44ffaaceef3e3a84cfaebd8e5a9acebeaad'
[    0.578432] zswap: loaded using pool lzo/zbud
[    0.581254] Key type big_key registered
[    0.606052] Key type trusted registered
[    0.607941] Key type encrypted registered
[    0.608547] AppArmor: AppArmor sha1 policy hashing enabled
[    0.609379] ima: No TPM chip found, activating TPM-bypass! (rc=-19)
[    0.610234] ima: Allocated hash algorithm: sha1
[    0.610886] evm: HMAC attrs: 0x1
[    0.611591]   Magic number: 11:266:476
[    0.612259] rtc_cmos rtc_cmos: setting system clock to 2019-03-04 10:28:00 UTC (1551695280)
[    0.613709] BIOS EDD facility v0.16 2004-Jun-25, 0 devices found
[    0.614534] EDD information not available.
[    0.692072] Freeing unused kernel memory: 2408K
[    0.928036] Write protecting the kernel read-only data: 20480k
[    0.939394] Freeing unused kernel memory: 2008K
[    0.942350] Freeing unused kernel memory: 1892K
[    0.946761] x86/mm: Checked W+X mappings: passed, no W+X pages found.
[    0.968411] x86/mm: Checking user space page tables
[    0.977352] x86/mm: Checked W+X mappings: passed, no W+X pages found.
Loading, please wait...
starting version 237
[    1.025934] e1000: Intel(R) PRO/1000 Network Driver - version 7.3.21-k8-NAPI
[    1.027142] e1000: Copyright (c) 1999-2006 Intel Corporation.
[    1.030205] Fusion MPT base driver 3.04.20
[    1.030809] Copyright (c) 1999-2008 LSI Corporation
[    1.045031] AVX2 version of gcm_enc/dec engaged.
[    1.072521] AES CTR mode by8 optimization enabled
[    1.081165] Fusion MPT SPI Host driver 3.04.20
[    1.263163] input: ImExPS/2 Generic Explorer Mouse as /devices/platform/i8042/serio1/input/input4
[    1.428363] e1000 0000:00:03.0 eth0: (PCI:33MHz:32-bit) 02:db:17:3a:0e:c2
[    1.434585] e1000 0000:00:03.0 eth0: Intel(R) PRO/1000 Network Connection
[    1.436327] mptbase: ioc0: Initiating bringup
[    1.437327] e1000 0000:00:03.0 enp0s3: renamed from eth0
[    1.475867] clocksource: tsc: mask: 0xffffffffffffffff max_cycles: 0x6a1da0c9b69, max_idle_ns: 881591132585 ns
[    2.542527] ioc0: LSI53C1030 A0: Capabilities={Initiator}
[    4.227439] scsi host2: ioc0: LSI53C1030 A0, FwRev=00000000h, Ports=1, MaxQ=256, IRQ=20
[    5.252772] scsi 2:0:0:0: Direct-Access     VBOX     HARDDISK         1.0  PQ: 0 ANSI: 5
[    5.288109] scsi target2:0:0: Beginning Domain Validation
[    5.409143] scsi target2:0:0: Domain Validation skipping write tests
[    5.409995] scsi target2:0:0: Ending Domain Validation
[    5.410712] scsi target2:0:0: asynchronous
[    5.411572] scsi 2:0:1:0: Direct-Access     VBOX     HARDDISK         1.0  PQ: 0 ANSI: 5
[    5.444076] scsi target2:0:1: Beginning Domain Validation
[    5.585239] random: fast init done
[    5.588481] scsi target2:0:1: Domain Validation skipping write tests
[    5.589245] scsi target2:0:1: Ending Domain Validation
[    5.589904] scsi target2:0:1: asynchronous
[    5.593317] random: systemd-udevd: uninitialized urandom read (16 bytes read)
[    5.595100] random: systemd-udevd: uninitialized urandom read (16 bytes read)
[    5.596002] random: systemd-udevd: uninitialized urandom read (16 bytes read)
[    5.596247] sd 2:0:0:0: [sda] 20971520 512-byte logical blocks: (10.7 GB/10.0 GiB)
[    5.596275] sd 2:0:0:0: [sda] Write Protect is off
[    5.596331] sd 2:0:0:0: [sda] Incomplete mode parameter data
[    5.596332] sd 2:0:0:0: [sda] Assuming drive cache: write through
[    5.599914] sd 2:0:0:0: Attached scsi generic sg0 type 0
[    5.600938]  sda: sda1
[    5.601643] sd 2:0:0:0: [sda] Attached SCSI disk
[    5.602551] sd 2:0:1:0: [sdb] 20480 512-byte logical blocks: (10.5 MB/10.0 MiB)
[    5.603546] sd 2:0:1:0: [sdb] Write Protect is off
[    5.604264] sd 2:0:1:0: [sdb] Incomplete mode parameter data
[    5.605017] sd 2:0:1:0: [sdb] Assuming drive cache: write through
[    5.612046] sd 2:0:1:0: Attached scsi generic sg1 type 0
[    5.618339] sd 2:0:1:0: [sdb] Attached SCSI disk
Begin: Loading essential drivers ... [    7.008347] raid6: sse2x1   gen() 14752 MB/s
[    7.140069] raid6: sse2x1   xor() 10468 MB/s
[    7.197546] raid6: sse2x2   gen() 18030 MB/s
[    7.246554] raid6: sse2x2   xor() 10901 MB/s
[    7.316011] raid6: sse2x4   gen() 16079 MB/s
[    7.386942] raid6: sse2x4   xor() 12341 MB/s
[    7.451792] raid6: avx2x1   gen() 31448 MB/s
[    7.540657] raid6: avx2x1   xor() 19737 MB/s
[    7.598486] raid6: avx2x2   gen() 36388 MB/s
[    7.657209] raid6: avx2x2   xor() 26626 MB/s
[    7.754987] raid6: avx2x4   gen() 42051 MB/s
[    7.813648] raid6: avx2x4   xor() 24436 MB/s
[    7.884523] raid6: using algorithm avx2x4 gen() 42051 MB/s
[    7.885525] raid6: .... xor() 24436 MB/s, rmw enabled
[    7.886429] raid6: using avx2x2 recovery algorithm
[    7.888337] xor: automatically using best checksumming function   avx       
[    7.890655] async_tx: api initialized (async)
done.
Begin: Running /scripts/init-premount ... done.
Begin: Mounting root file system ... Begin: Running /scripts/local-top ... done.
Begin: Running /scripts/local-premount ... [    7.923219] Btrfs loaded, crc32c=crc32c-intel
Scanning for Btrfs filesystems
done.
Warning: fsck not present, so skipping root file system
[    7.939100] EXT4-fs (sda1): mounted filesystem with ordered data mode. Opts: (null)
done.
Begin: Running /scripts/local-bottom ... done.
Begin: Running /scripts/init-bottom ... done.
[    8.070317] ip_tables: (C) 2000-2006 Netfilter Core Team
[    8.073967] systemd[1]: systemd 237 running in system mode. (+PAM +AUDIT +SELINUX +IMA +APPARMOR +SMACK +SYSVINIT +UTMP +LIBCRYPTSETUP +GCRYPT +GNUTLS +ACL +XZ +LZ4 +SECCOMP +BLKID +ELFUTILS +KMOD -IDN2 +IDN -PCRE2 default-hierarchy=hybrid)
[    8.077165] systemd[1]: Detected virtualization oracle.
[    8.078077] systemd[1]: Detected architecture x86-64.

Welcome to [1mUbuntu 18.04.2 LTS[0m!

[    8.082310] systemd[1]: Set hostname to <ubuntu>.
[    8.084651] systemd[1]: Initializing machine ID from random generator.
[    8.085902] systemd[1]: Installed transient /etc/machine-id file.
[    8.256832] systemd[1]: Reached target Swap.
[[0;32m  OK  [0m] Reached target Swap.
[    8.276909] systemd[1]: Reached target User and Group Name Lookups.
[[0;32m  OK  [0m] Reached target User and Group Name Lookups.
[    8.278555] systemd[1]: Reached target System Time Synchronized.
[[0;32m  OK  [0m] Reached target System Time Synchronized.
[    8.300173] systemd[1]: Created slice System Slice.
[[0;32m  OK  [0m] Created slice System Slice.
[[0;32m  OK  [0m] Listening on Journal Socket.
         Starting Uncomplicated firewall...
[[0;32m  OK  [0m] Listening on LVM2 poll daemon socket.
[[0;32m  OK  [0m] Listening on Syslog Socket.
[[0;32m  OK  [0m] Listening on /dev/initctl Compatibility Named Pipe.
         Starting Set the console keyboard layout...
         Mounting Huge Pages File System...
[[0;32m  OK  [0m] Listening on Journal Audit Socket.
         Mounting POSIX Message Queue File System...
[[0;32m  OK  [0m] Listening on Network Service Netlink Socket.
         Starting Remount Root and Kernel File Systems...
[[0;32m  OK  [0m] Created slice User and Session Slice.
         Mounting Kernel Debug File System...
         Starting Create list of[    8.376168] EXT4-fs (sda1): re-mounted. Opts: (null)
 required st…ce nodes for the current kernel...
[[0;32m  OK  [0m] Listening on udev Kernel Socket.
[[0;32m  OK  [0m] Started Forward Password Requests to Wall Directory Watch.
[[0;32m  OK  [0m] Reached target Slices.
         Starting Load Kernel Modules...
[[0;32m  OK  [0m] Listening on udev Control Socket.
         Starting udev Coldplug all Devices...
[    8.451541] Loading iSCSI transport class v2.0-870.
[[0;32m  OK  [[    8.457710] iscsi: registered transport (tcp)
0m] Set up automount Arbitrary Executab…rmats File System Automount Point.
[[0;32m  OK  [0m] Listening on Device-mapper event daemon FIFOs.
[[0;32m  OK  [0m] Listening on Journal Socket (/dev/log).
         Starting Journal Service...
[[0;32m  OK  [0m] Listening on LVM2 metadata daemon socket.
         Startin[    8.520782] iscsi: registered transport (iser)
g Monitoring of LVM2 mirrors…ng dmeventd or progress polling...
[[0;32m  OK  [0m] Created slice system-serial\x2dgetty.slice.
[[0;32m  OK  [0m] Started Journal Service.
[[0;32m  OK  [0m] Started Uncomplicated firewall.
[[0;32m  OK  [0m] Started Set the console keyboard layout.
[[0;32m  OK  [0m] Mounted Huge Pages File System.
[[0;32m  OK  [0m] Mounted POSIX Message Queue File System.
[[0;32m  OK  [0m] Started Remount Root and Kernel File Systems.
[[0;32m  OK  [0m] Mounted Kernel Debug File System.
[[0;32m  OK  [0m] Started Create list of required sta…vice nodes for the current kernel.
[[0;32m  OK  [0m] Started Load Kernel Modules.
[[0;32m  OK  [0m] Started LVM2 metadata daemon.
         Mounting Kernel Configuration File System...
         Mounting FUSE Control File System...
         Starting Apply Kernel Variables...
         Starting Create Static Device Nodes in /dev...
         Starting Load/Save Random Seed...
         Starting Initial cloud-init job (pre-networking)...
         Starting Flush Journal to Persistent Storage...
[[0;32m  OK  [0m] Started udev Coldplug all Devices.
[[0;32m  OK  [0m] Mounted Kernel Configuration File System.
[[0;32m  OK  [0m] Mounted FUSE Control File System.
[[0;32m  OK  [0m] Started Create Static Device Nodes in /dev.
[[0;32m  OK  [0m] Started Monitoring of LVM2 mirrors,…sing dmeventd or progress polling.
[[0;32m  OK  [0m] Started Apply Kernel Variables.
[[0;32m  OK  [0m] Started Load/Save Random Seed.
         Starting udev Kernel Device Manager...
[[0;32m  OK  [0m] Reached target Local File Systems (Pre).
[[0;32m  OK  [0m] Reached target Local File Systems.
         Starting Commit a transient machine-id on disk...
         Starting Tell Plymouth To Write Out Runtime Data...
         Starting AppArmor initialization...
         Starting ebtables ruleset management...
         Starting Set console font and keymap...
[[0;32m  OK  [0m] Started udev Kernel Device Manager.
[[0;32m  OK  [0m] Started Dispatch Password Requests to Console Directory Watch.
[[0;32m  OK  [0m] Reached target Local Encrypted Volumes.
[[0;32m  OK  [0m] Started Tell Plymouth To Write Out Runtime Data.
[[0;32m  OK  [0m] Started Set console font and keymap.
[[0;32m  OK  [0m] Started Flush Journal to Persistent Storage.
         Starting Create Volatile Files and Directories...
[[0;32m  OK  [0m] Started Commit a transient machine-id on disk.
[[0;32m  OK  [0m] Started ebtables ruleset management.
[[0;32m  OK  [0m] Found device /dev/ttyS0.
[[0;32m  OK  [0m] Started Create Volatile Files and Directories.
         Starting Update UTMP about System Boot/Shutdown...
[[0;32m  OK  [0m] Started Update UTMP about System Boot/Shutdown.
[[0;32m  OK  [0m] Listening on Load/Save RF Kill Switch Status /dev/rfkill Watch.
[[0;32m  OK  [0m] Started AppArmor initialization.
[    9.760257] cloud-init[411]: Cloud-init v. 18.4-0ubuntu1~18.04.1 running 'init-local' at Mon, 04 Mar 2019 10:28:09 +0000. Up 9.53 seconds.
[[0;32m  OK  [0m] Started Initial cloud-init job (pre-networking).
[[0;32m  OK  [0m] Reached target Network (Pre).
         Starting Network Service...
[[0;32m  OK  [0m] Started Network Service.
         Starting Wait for Network to be Configured...
         Starting Network Name Resolution...
[[0;32m  OK  [0m] Started Network Name Resolution.
[[0;32m  OK  [0m] Reached target Network.
[[0;32m  OK  [0m] Reached target Host and Network Name Lookups.
[[0;32m  OK  [0m] Started Wait for Network to be Configured.
         Starting Initial cloud-init job (metadata service crawler)...
[   11.821286] cloud-init[626]: Cloud-init v. 18.4-0ubuntu1~18.04.1 running 'init' at Mon, 04 Mar 2019 10:28:11 +0000. Up 11.71 seconds.
[   11.832646] cloud-init[626]: ci-info: +++++++++++++++++++++++++++++++++++++Net device info++++++++++++++++++++++++++++++++++++++
[   11.835522] cloud-init[626]: ci-info: +--------+------+---------------------------+---------------+--------+-------------------+
[   11.840558] cloud-init[626]: ci-info: | Device |  Up  |          Address          |      Mask     | Scope  |     Hw-Address    |
[   11.871941] cloud-init[626]: ci-info: +--------+------+---------------------------+---------------+--------+-------------------+
[   11.887039] cloud-init[626]: ci-info: | enp0s3 | True |         10.0.2.15         | 255.255.255.0 | global | 02:db:17:3a:0e:c2 |
[   11.888835] cloud-init[626]: ci-info: | enp0s3 | True | fe80::db:17ff:fe3a:ec2/64 |       .       |  link  | 02:db:17:3a:0e:c2 |
[   11.890739] cloud-init[626]: ci-info: |   lo   | True |         127.0.0.1         |   255.0.0.0   |  host  |         .         |
[   11.900843] cloud-init[626]: ci-info: |   lo   | True |          ::1/128          |       .       |  host  |         .         |
[   11.902353] cloud-init[626]: ci-info: +--------+------+---------------------------+---------------+--------+-------------------+
[   11.903718] cloud-init[626]: ci-info: ++++++++++++++++++++++++++++Route IPv4 info+++++++++++++++++++++++++++++
[   11.906184] cloud-init[626]: ci-info: +-------+-------------+----------+-----------------+-----------+-------+
[   11.919788] cloud-init[626]: ci-info: | Route | Destination | Gateway  |     Genmask     | Interface | Flags |
[   11.929922] cloud-init[626]: ci-info: +-------+-------------+----------+-----------------+-----------+-------+
[   11.932278] cloud-init[626]: ci-info: |   0   |   0.0.0.0   | 10.0.2.2 |     0.0.0.0     |   enp0s3  |   UG  |
[   11.933759] cloud-init[626]: ci-info: |   1   |   10.0.2.0  | 0.0.0.0  |  255.255.255.0  |   enp0s3  |   U   |
[   11.935174] cloud-init[626]: ci-info: |   2   |   10.0.2.2  | 0.0.0.0  | 255.255.255.255 |   enp0s3  |   UH  |
[   11.936991] cloud-init[626]: ci-info: +-------+-------------+----------+-----------------+-----------+-------+
[   11.941027] cloud-init[626]: ci-info: +++++++++++++++++++Route IPv6 info+++++++++++++++++++
[   11.965423] cloud-init[626]: ci-info: +-------+-------------+---------+-----------+-------+
[   11.984231] cloud-init[626]: ci-info: | Route | Destination | Gateway | Interface | Flags |
[   11.986483] cloud-init[626]: ci-info: +-------+-------------+---------+-----------+-------+
[   11.988977] cloud-init[626]: ci-info: |   1   |  fe80::/64  |    ::   |   enp0s3  |   U   |
[   11.999803] cloud-init[626]: ci-info: |   3   |    local    |    ::   |   enp0s3  |   U   |
[   12.002351] cloud-init[626]: ci-info: |   4   |   ff00::/8  |    ::   |   enp0s3  |   U   |
[   12.003920] cloud-init[626]: ci-info: +-------+-------------+---------+-----------+-------+
[   12.328465] cloud-init[626]: Generating public/private rsa key pair.
[   12.347094] cloud-init[626]: Your identification has been saved in /etc/ssh/ssh_host_rsa_key.
[   12.348134] cloud-init[626]: Your public key has been saved in /etc/ssh/ssh_host_rsa_key.pub.
[   12.354600] cloud-init[626]: The key fingerprint is:
[   12.356598] cloud-init[626]: SHA256:y/0e+PcNHCjL2HDPYAtOR4OYW5/CXCLfjHdpqVyH7P4 root@ubuntu-bionic
[   12.358208] cloud-init[626]: The key's randomart image is:
[   12.359149] cloud-init[626]: +---[RSA 2048]----+
[   12.359991] cloud-init[626]: |                 |
[   12.363353] cloud-init[626]: |       o .       |
[   12.364295] cloud-init[626]: |      + + +      |
[   12.369345] cloud-init[626]: |       B O + =   |
[   12.371137] cloud-init[626]: |      . S % X o  |
[   12.371893] cloud-init[626]: |       + / # o . |
[   12.372551] cloud-init[626]: |        = X = o  |
[   12.373282] cloud-init[626]: |           + ....|
[   12.374026] cloud-init[626]: |           .=oE.o|
[   12.374744] cloud-init[626]: +----[SHA256]-----+
[   12.375542] cloud-init[626]: Generating public/private dsa key pair.
[[   12.388129] cloud-init[626]: Your identification has been saved in /etc/ssh/ssh_host_dsa_key.
[0;32m  OK  [0m[   12.388251] cloud-init[626]: Your public key has been saved in /etc/ssh/ssh_host_dsa_key.pub.
] [   12.389922] cloud-init[626]: The key fingerprint is:
Started Initial cloud-init job (metadata service crawler).[   12.391307] cloud-init[626]: SHA256:9KIFFXy/9nFEut6fN2endLRGTAeiqY0BjPe9imBN6f8 root@ubuntu-bionic

[   12.392237] cloud-init[626]: The key's randomart image is:
[   12.395560] cloud-init[626]: +---[DSA 1024]----+
[   12.396103] cloud-init[626]: |     o..o.  . .  |
[   12.396607] cloud-init[626]: |    . oo. .o . ..|
[   12.397205] cloud-init[626]: |     ..oooo.   +.|
[   12.397772] cloud-init[626]: |      oo.*. . + o|
[[   12.398287] cloud-init[626]: |     +  S o. . =.|
[0;32m  OK  [0m[   12.398426] cloud-init[626]: |    o oo .. o +.o|
] [   12.399130] cloud-init[626]: |   . ..o . . o.*.|
Reached target Network is Online.[   12.399697] cloud-init[626]: |      . o    .+oB|

[   12.400514] cloud-init[626]: |         .E   .+B|
[   12.401138] cloud-init[626]: +----[SHA256]-----+
[   12.401246] cloud-init[626]: Generating public/private ecdsa key pair.
[   12.401365] cloud-init[626]: Your identification has been saved in /etc/ssh/ssh_host_ecdsa_key.
[   12.401496] cloud-init[626]: Your public key has been saved in /etc/ssh/ssh_host_ecdsa_key.pub.
[   12.401619] cloud-init[626]: The key fingerprint is:
[   12.401865] cloud-init[626]: SHA256:6qMKYTYSlUAvNh8EnZE7yBFs1zioE+JOrEXmGp6qcr0 root@ubuntu-bionic
[   12.401985] cloud-init[626]: The key's randomart image is:
[   12.402103] cloud-init[626]: +---[ECDSA 256]---+
[   12.402234] cloud-init[626]: |+=*+*            |
[   12.402547] cloud-init[626]: |o**B .           |
[   12.402672] cloud-init[626]: |OO+oo            |
[   12.402794] cloud-init[626]: |=B*o.            |
[   12.402921] cloud-init[626]: |BO...   S        |
[   12.403042] cloud-init[626]: |*=.    .         |
[   12.403165] cloud-init[626]: |o  .  .          |
[   12.403285] cloud-init[626]: |o.. ...          |
[   12.403411] cloud-init[626]: |+...Eo..         |
[   12.403539] cloud-init[626]: +----[SHA256]-----+
[   12.403668] cloud-init[626]: Generating public/private ed25519 key pair.
[   12.403794] cloud-init[626]: Your identification has been saved in /etc/ssh/ssh_host_ed25519_key.
[   12.403916] cloud-init[626]: Your public key has been saved in /etc/ssh/ssh_host_ed25519_key.pub.
[   12.404164] cloud-init[626]: The key fingerprint is:
[   12.404287] cloud-init[626]: SHA256:2hdZwNWRqvAimi/nuEI4CPNePyejs+ZVtx0pYnBQcvA root@ubuntu-bionic
[   12.404408] cloud-init[626]: The key's randomart image is:
[   12.404528] cloud-init[626]: +--[ED25519 256]--+
[   12.404849] cloud-init[626]: |      +oo......o |
         [   12.467499] cloud-init[626]: |       =  ..  o  |
Starting Availability of block devices...[   12.467760] cloud-init[626]: |      . E   ..   |

[   12.469068] cloud-init[626]: |o      o.  o..   |
[[   12.470590] cloud-init[626]: |o+      So=.o    |
[0;32m  OK  [0m] [   12.470732] Reached target Remote File Systems (Pre).cloud-init
[626]: |+ o . .=.oo= .   |
[[   12.489232] cloud-init[626]: | + . +o...o .    |
[0;32m  OK  [0m[   12.489334] cloud-init[626]: |  o *o* ..       |
] [   12.490372] cloud-init[626]: |   +*Xo=         |
Reached target Remote File Systems.
[   12.490538] cloud-init[626]: +----[SHA256]-----+
[[0;32m  OK  [0m] Reached target Cloud-config availability.
[[0;32m  OK  [0m] Reached target System Initialization.
         Starting Socket activation for snappy daemon.
[[0;32m  OK  [0m] Listening on UUID daemon activation socket.
[[0;32m  OK  [0m] Started ACPI Events Check.
[[0;32m  OK  [0m] Reached target Paths.
[[0;32m  OK  [0m] Started Daily apt download activities.
[[0;32m  OK  [0m] Started Daily apt upgrade and clean activities.
[[0;32m  OK  [0m] Listening on D-Bus System Message Bus Socket.
[[0;32m  OK  [0m] Started Discard unused blocks once a week.
[[0;32m  OK  [0m] Started Message of the Day.
[[0;32m  OK  [0m] Listening on ACPID Listen Socket.
[[0;32m  OK  [0m] Listening on Open-iSCSI iscsid Socket.
         Starting LXD - unix socket.
[[0;32m  OK  [0m] Started Daily Cleanup of Temporary Directories.
[[0;32m  OK  [0m] Reached target Timers.
[[0;32m  OK  [0m] Started Availability of block devices.
[[0;32m  OK  [0m] Listening on Socket activation for snappy daemon.
[[0;32m  OK  [0m] Listening on LXD - unix socket.
[[0;32m  OK  [0m] Reached target Sockets.
[[0;32m  OK  [0m] Reached target Basic System.
[[0;32m  OK  [0m] Started D-Bus System Message Bus.
[[0;32m  OK  [0m] Started Regular background program processing daemon.
         Starting Permit User Sessions...
         Starting Login Service...
         Starting LSB: Record successful boot for GRUB...
         Starting Accounts Service...
         Starting Virtualbox guest utils...
         Starting LSB: automatic crash report generation...
[[0;32m  OK  [0m] Started irqbalance daemon.
         Starting LXD - container startup/shutdown...
         Starting System Logging Service...
         Starting Snappy daemon...
[[0;32m  OK  [0m] Started Deferred execution scheduler.
         Starting Dispatcher daemon for systemd-networkd...
         Starting Pollinate to seed the pseudo random number generator...
[[0;32m  OK  [0m] Started FUSE filesystem for LXC.
[[0;32m  OK  [0m] Started System Logging Service.
[[0;32m  OK  [0m] Started Permit User Sessions.
[[0;32m  OK  [0m] Started LXD - container startup/shutdown.
[[0;32m  OK  [0m] Started Login Service.
         Starting Authorization Manager...
[[0;32m  OK  [0m] Started Unattended Upgrades Shutdown.
         Starting Hold until boot process finishes up...
         Starting Terminate Plymouth Boot Screen...
[[0;32m  OK  [0m] Started Hold until boot process finishes up.
[[0;32m  OK  [0m] Started Terminate Plymouth Boot Screen.
[[0;32m  OK  [0m] Started Serial Getty on ttyS0.
         Starting Set console scheme...
[[0;32m  OK  [0m] Started LSB: automatic crash report generation.
[[0;32m  OK  [0m] Started Set console scheme.
[[0;32m  OK  [0m] Started Authorization Manager.
[[0;32m  OK  [0m] Started Accounts Service.
[[0;32m  OK  [0m] Created slice system-getty.slice.
[[0;32m  OK  [0m] Started Getty on tty1.
[[0;32m  OK  [0m] Reached target Login Prompts.
[[0;32m  OK  [0m] Started LSB: Record successful boot for GRUB.
[[0;32m  OK  [0m] Started Virtualbox guest utils.
[[0;32m  OK  [0m] Started Dispatcher daemon for systemd-networkd.
[[0;32m  OK  [0m] Started Snappy daemon.
         Starting Wait until snapd is fully seeded...
[[0;32m  OK  [0m] Started Pollinate to seed the pseudo random number generator.
         Starting OpenBSD Secure Shell server...
[[0;32m  OK  [0m] Started OpenBSD Secure Shell server.
[[0;32m  OK  [0m] Created slice User Slice of vagrant.
         Starting User Manager for UID 1000...
[[0;32m  OK  [0m] Started Session 1 of user vagrant.
[[0;32m  OK  [0m] Started User Manager for UID 1000.
[[0;32m  OK  [0m] Started Wait until snapd is fully seeded.
[[0;32m  OK  [0m] Reached target Multi-User System.
[[0;32m  OK  [0m] Reached target Graphical Interface.
         Starting Update UTMP about System Runlevel Changes...
         Starting Apply the settings specified in cloud-config...
[[0;32m  OK  [0m] Started Update UTMP about System Runlevel Changes.
[   16.353257] cloud-init[1336]: Cloud-init v. 18.4-0ubuntu1~18.04.1 running 'modules:config' at Mon, 04 Mar 2019 10:28:15 +0000. Up 16.09 seconds.
[[0;32m  OK  [0m] Started Apply the settings specified in cloud-config.
         Starting Execute cloud user/final scripts...
ci-info: no authorized ssh keys fingerprints found for user ubuntu.
<14>Mar  4 10:28:16 ec2: 
<14>Mar  4 10:28:16 ec2: #############################################################
<14>Mar  4 10:28:16 ec2: -----BEGIN SSH HOST KEY FINGERPRINTS-----
<14>Mar  4 10:28:16 ec2: 1024 SHA256:9KIFFXy/9nFEut6fN2endLRGTAeiqY0BjPe9imBN6f8 root@ubuntu-bionic (DSA)
<14>Mar  4 10:28:16 ec2: 256 SHA256:6qMKYTYSlUAvNh8EnZE7yBFs1zioE+JOrEXmGp6qcr0 root@ubuntu-bionic (ECDSA)
<14>Mar  4 10:28:16 ec2: 256 SHA256:2hdZwNWRqvAimi/nuEI4CPNePyejs+ZVtx0pYnBQcvA root@ubuntu-bionic (ED25519)
<14>Mar  4 10:28:16 ec2: 2048 SHA256:y/0e+PcNHCjL2HDPYAtOR4OYW5/CXCLfjHdpqVyH7P4 root@ubuntu-bionic (RSA)
<14>Mar  4 10:28:16 ec2: -----END SSH HOST KEY FINGERPRINTS-----
<14>Mar  4 10:28:16 ec2: #############################################################
-----BEGIN SSH HOST KEY KEYS-----
ecdsa-sha2-nistp256 AAAAE2VjZHNhLXNoYTItbmlzdHAyNTYAAAAIbmlzdHAyNTYAAABBBPsghd4K1lRE6alWixwXKp9l0md6UYWu7G/J/pL4kM/4H7XNSj3zu53QfVlixaBIfqqvB0DSMELTRAXjWwp+5nI= root@ubuntu-bionic
ssh-ed25519 AAAAC3NzaC1lZDI1NTE5AAAAIGnFV/WpaElvAx/vj6EqaoTeaoMCdd8aG1/Wbap5VbLS root@ubuntu-bionic
ssh-rsa AAAAB3NzaC1yc2EAAAADAQABAAABAQC06MP+b3tDfYcnvn5x2nD8YkbICcbFDq/r/roYHFMFJzBi34rsgKgqwPnopm4nb3zqIueTPr2N+jQLk8HR2otKSxNlqc6TpLSc637g1xUUCiDNxemefXKkUKJNC0foEFOcG2UMipz3QZnlGroSa61YQ8Iz+CuN0I0FFu6Tae3rzwiR3ryth/VC5PGmpV+9Q2ajFtDBPmqHWP2O8f0NvWpLPK9Y+M1L8Uo/AqEFi+Ccos11ge+t+Be626NNu7D2Z0Jsq7enMId/xZOZMhwE7KHKemixmFvC7Ae4H7Q47zWt9i1bFTaNyjiR9TIkQeGI4EqgBe07RQQO64yMS8XxgUlv root@ubuntu-bionic
-----END SSH HOST KEY KEYS-----
[   16.743928] cloud-init[1418]: Cloud-init v. 18.4-0ubuntu1~18.04.1 running 'modules:final' at Mon, 04 Mar 2019 10:28:16 +0000. Up 16.61 seconds.
[   16.746070] cloud-init[1418]: ci-info: no authorized ssh keys fingerprints found for user ubuntu.
[   16.747682] cloud-init[1418]: Cloud-init v. 18.4-0ubuntu1~18.04.1 finished at Mon, 04 Mar 2019 10:28:16 +0000. Datasource DataSourceNoCloud [seed=/dev/sdb][dsmode=net].  Up 16.73 seconds
[[0;32m  OK  [0m] Started Execute cloud user/final scripts.
[[0;32m  OK  [0m] Reached target Cloud-init target.

Ubuntu 18.04.2 LTS ubuntu-bionic ttyS0

ubuntu-bionic login: 