[   00.000000] Linux version 4.15.0-46-generic (buildd@lgw01-amd64-038) (gcc version 7.3.0 (Ubuntu 7.3.0-16ubuntu3)) #49-Ubuntu SMP Wed Feb 6 09:33:07 UTC 2019 (Ubuntu 4.15.0-46.49-generic 4.15.18)
[    0.000000] Command line: BOOT_IMAGE=/boot/vmlinuz-4.15.0-46-generic root=LABEL=cloudimg-rootfs ro console=tty1 console=ttyS0
[    0.000000] KERNEL supported cpus:
[    0.000000]   Intel GenuineIntel
[    0.000000]   AMD AuthenticAMD
[    0.000000]   Centaur CentaurHauls
[    0.000000] x86/fpu: Supporting XSAVE feature 0x001: 'x87 floating point registers'
[    0.000000] x86/fpu: Supporting XSAVE feature 0x002: 'SSE registers'
[    0.000000] x86/fpu: Supporting XSAVE feature 0x004: 'AVX registers'
[    0.000000] x86/fpu: xstate_offset[2]:  576, xstate_sizes[2]:  256
[    0.000000] x86/fpu: Enabled xstate features 0x7, context size is 832 bytes, using 'standard' format.
[    0.000000] e820: BIOS-provided physical RAM map:
[    0.000000] BIOS-e820: [mem 0x0000000000000000-0x000000000009fbff] usable
[    0.000000] BIOS-e820: [mem 0x000000000009fc00-0x000000000009ffff] reserved
[    0.000000] BIOS-e820: [mem 0x00000000000f0000-0x00000000000fffff] reserved
[    0.000000] BIOS-e820: [mem 0x0000000000100000-0x000000007ffeffff] usable
[    0.000000] BIOS-e820: [mem 0x000000007fff0000-0x000000007fffffff] ACPI data
[    0.000000] BIOS-e820: [mem 0x00000000fec00000-0x00000000fec00fff] reserved
[    0.000000] BIOS-e820: [mem 0x00000000fee00000-0x00000000fee00fff] reserved
[    0.000000] BIOS-e820: [mem 0x00000000fffc0000-0x00000000ffffffff] reserved
[    0.000000] NX (Execute Disable) protection: active
[    0.000000] SMBIOS 2.5 present.
[    0.000000] DMI: innotek GmbH VirtualBox/VirtualBox, BIOS VirtualBox 12/01/2006
[    0.000000] Hypervisor detected: KVM
[    0.000000] e820: last_pfn = 0x7fff0 max_arch_pfn = 0x400000000
[    0.000000] MTRR: Disabled
[    0.000000] x86/PAT: MTRRs disabled, skipping PAT initialization too.
[    0.000000] CPU MTRRs all blank - virtualized system.
[    0.000000] x86/PAT: Configuration [0-7]: WB  WT  UC- UC  WB  WT  UC- UC  
[    0.000000] found SMP MP-table at [mem 0x0009fff0-0x0009ffff] mapped at [        (ptrval)]
[    0.000000] Scanning 1 areas for low memory corruption
[    0.000000] RAMDISK: [mem 0x35ae1000-0x36d67fff]
[    0.000000] ACPI: Early table checksum verification disabled
[    0.000000] ACPI: RSDP 0x00000000000E0000 000024 (v02 VBOX  )
[    0.000000] ACPI: XSDT 0x000000007FFF0030 00003C (v01 VBOX   VBOXXSDT 00000001 ASL  00000061)
[    0.000000] ACPI: FACP 0x000000007FFF00F0 0000F4 (v04 VBOX   VBOXFACP 00000001 ASL  00000061)
[    0.000000] ACPI: DSDT 0x000000007FFF0470 0021FF (v02 VBOX   VBOXBIOS 00000002 INTL 20180105)
[    0.000000] ACPI: FACS 0x000000007FFF0200 000040
[    0.000000] ACPI: FACS 0x000000007FFF0200 000040
[    0.000000] ACPI: APIC 0x000000007FFF0240 000054 (v02 VBOX   VBOXAPIC 00000001 ASL  00000061)
[    0.000000] ACPI: SSDT 0x000000007FFF02A0 0001CC (v01 VBOX   VBOXCPUT 00000002 INTL 20180105)
[    0.000000] No NUMA configuration found
[    0.000000] Faking a node at [mem 0x0000000000000000-0x000000007ffeffff]
[    0.000000] NODE_DATA(0) allocated [mem 0x7ffc5000-0x7ffeffff]
[    0.000000] kvm-clock: cpu 0, msr 0:7ff44001, primary cpu clock
[    0.000000] kvm-clock: Using msrs 4b564d01 and 4b564d00
[    0.000000] kvm-clock: using sched offset of 3064208461 cycles
[    0.000000] clocksource: kvm-clock: mask: 0xffffffffffffffff max_cycles: 0x1cd42e4dffb, max_idle_ns: 881590591483 ns
[    0.000000] Zone ranges:
[    0.000000]   DMA      [mem 0x0000000000001000-0x0000000000ffffff]
[    0.000000]   DMA32    [mem 0x0000000001000000-0x000000007ffeffff]
[    0.000000]   Normal   empty
[    0.000000]   Device   empty
[    0.000000] Movable zone start for each node
[    0.000000] Early memory node ranges
[    0.000000]   node   0: [mem 0x0000000000001000-0x000000000009efff]
[    0.000000]   node   0: [mem 0x0000000000100000-0x000000007ffeffff]
[    0.000000] Reserved but unavailable: 114 pages
[    0.000000] Initmem setup node 0 [mem 0x0000000000001000-0x000000007ffeffff]
[    0.000000] ACPI: PM-Timer IO Port: 0x4008
[    0.000000] IOAPIC[0]: apic_id 1, version 32, address 0xfec00000, GSI 0-23
[    0.000000] ACPI: INT_SRC_OVR (bus 0 bus_irq 0 global_irq 2 dfl dfl)
[    0.000000] ACPI: INT_SRC_OVR (bus 0 bus_irq 9 global_irq 9 low level)
[    0.000000] Using ACPI (MADT) for SMP configuration information
[    0.000000] smpboot: Allowing 1 CPUs, 0 hotplug CPUs
[    0.000000] PM: Registered nosave memory: [mem 0x00000000-0x00000fff]
[    0.000000] PM: Registered nosave memory: [mem 0x0009f000-0x0009ffff]
[    0.000000] PM: Registered nosave memory: [mem 0x000a0000-0x000effff]
[    0.000000] PM: Registered nosave memory: [mem 0x000f0000-0x000fffff]
[    0.000000] e820: [mem 0x80000000-0xfebfffff] available for PCI devices
[    0.000000] Booting paravirtualized kernel on KVM
[    0.000000] clocksource: refined-jiffies: mask: 0xffffffff max_cycles: 0xffffffff, max_idle_ns: 7645519600211568 ns
[    0.000000] random: get_random_bytes called from start_kernel+0x99/0x4fd with crng_init=0
[    0.000000] setup_percpu: NR_CPUS:8192 nr_cpumask_bits:1 nr_cpu_ids:1 nr_node_ids:1
[    0.000000] percpu: Embedded 46 pages/cpu @        (ptrval) s151552 r8192 d28672 u2097152
[    0.000000] PV qspinlock hash table entries: 256 (order: 0, 4096 bytes)
[    0.000000] Built 1 zonelists, mobility grouping on.  Total pages: 515961
[    0.000000] Policy zone: DMA32
[    0.000000] Kernel command line: BOOT_IMAGE=/boot/vmlinuz-4.15.0-46-generic root=LABEL=cloudimg-rootfs ro console=tty1 console=ttyS0
[    0.000000] Memory: 2015988K/2096696K available (12300K kernel code, 2473K rwdata, 4252K rodata, 2408K init, 2416K bss, 80708K reserved, 0K cma-reserved)
[    0.000000] SLUB: HWalign=64, Order=0-3, MinObjects=0, CPUs=1, Nodes=1
[    0.000000] Kernel/User page tables isolation: enabled
[    0.000000] ftrace: allocating 39198 entries in 154 pages
[    0.004000] Hierarchical RCU implementation.
[    0.004000] 	RCU restricting CPUs from NR_CPUS=8192 to nr_cpu_ids=1.
[    0.004000] 	Tasks RCU enabled.
[    0.004000] RCU: Adjusting geometry for rcu_fanout_leaf=16, nr_cpu_ids=1
[    0.004000] NR_IRQS: 524544, nr_irqs: 256, preallocated irqs: 16
[    0.004000] Console: colour VGA+ 80x25
[    0.004000] console [tty1] enabled
[    0.004000] console [ttyS0] enabled
[    0.004000] ACPI: Core revision 20170831
[    0.004000] ACPI: 2 ACPI AML tables successfully acquired and loaded
[    0.004000] APIC: Switch to symmetric I/O mode setup
[    0.004000] x2apic enabled
[    0.004000] Switched APIC routing to physical x2apic.
[    0.004000] ..TIMER: vector=0x30 apic1=0 pin1=2 apic2=-1 pin2=-1
[    0.004003] tsc: Detected 3601.484 MHz processor
[    0.004804] Calibrating delay loop (skipped) preset value.. 7202.96 BogoMIPS (lpj=14405936)
[    0.008006] pid_max: default: 32768 minimum: 301
[    0.012030] Security Framework initialized
[    0.012644] Yama: becoming mindful.
[    0.013203] AppArmor: AppArmor initialized
[    0.014491] Dentry cache hash table entries: 262144 (order: 9, 2097152 bytes)
[    0.016036] Inode-cache hash table entries: 131072 (order: 8, 1048576 bytes)
[    0.017104] Mount-cache hash table entries: 4096 (order: 3, 32768 bytes)
[    0.020032] Mountpoint-cache hash table entries: 4096 (order: 3, 32768 bytes)
[    0.024187] mce: CPU supports 0 MCE banks
[    0.024840] process: using mwait in idle threads
[    0.025579] Last level iTLB entries: 4KB 64, 2MB 8, 4MB 8
[    0.028006] Last level dTLB entries: 4KB 64, 2MB 0, 4MB 0, 1GB 4
[    0.029117] Spectre V2 : Mitigation: Full generic retpoline
[    0.030267] Spectre V2 : Spectre v2 / SpectreRSB mitigation: Filling RSB on context switch
[    0.032002] Speculative Store Bypass: Vulnerable
[    0.043942] Freeing SMP alternatives memory: 36K
[    0.048000] smpboot: CPU0: Intel(R) Core(TM) i7-7700 CPU @ 3.60GHz (family: 0x6, model: 0x9e, stepping: 0x9)
[    0.048000] Performance Events: unsupported p6 CPU model 158 no PMU driver, software events only.
[    0.048044] Hierarchical SRCU implementation.
[    0.049373] NMI watchdog: Perf event create on CPU 0 failed with -2
[    0.052002] NMI watchdog: Perf NMI watchdog permanently disabled
[    0.056066] smp: Bringing up secondary CPUs ...
[    0.060003] smp: Brought up 1 node, 1 CPU
[    0.060784] smpboot: Max logical packages: 1
[    0.061710] smpboot: Total of 1 processors activated (7202.96 BogoMIPS)
[    0.063314] devtmpfs: initialized
[    0.064054] x86/mm: Memory block size: 128MB
[    0.065176] evm: security.selinux
[    0.068008] evm: security.SMACK64
[    0.068620] evm: security.SMACK64EXEC
[    0.069290] evm: security.SMACK64TRANSMUTE
[    0.070140] evm: security.SMACK64MMAP
[    0.072002] evm: security.apparmor
[    0.072657] evm: security.ima
[    0.073947] evm: security.capability
[    0.075500] clocksource: jiffies: mask: 0xffffffff max_cycles: 0xffffffff, max_idle_ns: 7645041785100000 ns
[    0.076008] futex hash table entries: 256 (order: 2, 16384 bytes)
[    0.077199] pinctrl core: initialized pinctrl subsystem
[    0.080024] RTC time: 14:25:04, date: 04/01/19
[    0.084105] NET: Registered protocol family 16
[    0.088124] audit: initializing netlink subsys (disabled)
[    0.092122] cpuidle: using governor ladder
[    0.092789] cpuidle: using governor menu
[    0.093510] ACPI: bus type PCI registered
[    0.094200] acpiphp: ACPI Hot Plug PCI Controller Driver version: 0.5
[    0.096019] PCI: Using configuration type 1 for base access
[    0.096901] audit: type=2000 audit(1554128708.820:1): state=initialized audit_enabled=0 res=1
[    0.099057] HugeTLB registered 2.00 MiB page size, pre-allocated 0 pages
[    0.100000] ACPI: Added _OSI(Module Device)
[    0.100021] ACPI: Added _OSI(Processor Device)
[    0.100751] ACPI: Added _OSI(3.0 _SCP Extensions)
[    0.101450] ACPI: Added _OSI(Processor Aggregator Device)
[    0.102224] ACPI: Added _OSI(Linux-Dell-Video)
[    0.102889] ACPI: Added _OSI(Linux-Lenovo-NV-HDMI-Audio)
[    0.104008] ACPI: Added _OSI(Linux-HPI-Hybrid-Graphics)
[    0.104961] ACPI: Executed 1 blocks of module-level executable AML code
[    0.112993] ACPI: Interpreter enabled
[    0.115315] ACPI: (supports S0 S5)
[    0.115838] ACPI: Using IOAPIC for interrupt routing
[    0.116206] PCI: Using host bridge windows from ACPI; if necessary, use "pci=nocrs" and report a bug
[    0.117836] ACPI: Enabled 2 GPEs in block 00 to 07
[    0.124288] ACPI: PCI Root Bridge [PCI0] (domain 0000 [bus 00-ff])
[    0.128017] acpi PNP0A03:00: _OSC: OS supports [ASPM ClockPM Segments MSI]
[    0.129104] acpi PNP0A03:00: _OSC: not requesting OS control; OS requires [ExtendedConfig ASPM ClockPM MSI]
[    0.130561] acpi PNP0A03:00: fail to add MMCONFIG information, can't access extended PCI configuration space under this bridge.
[    0.132409] PCI host bridge to bus 0000:00
[    0.133079] pci_bus 0000:00: root bus resource [io  0x0000-0x0cf7 window]
[    0.134057] pci_bus 0000:00: root bus resource [io  0x0d00-0xffff window]
[    0.135039] pci_bus 0000:00: root bus resource [mem 0x000a0000-0x000bffff window]
[    0.136006] pci_bus 0000:00: root bus resource [mem 0x80000000-0xfdffffff window]
[    0.137120] pci_bus 0000:00: root bus resource [bus 00-ff]
[    0.140414] pci 0000:00:01.1: legacy IDE quirk: reg 0x10: [io  0x01f0-0x01f7]
[    0.142658] pci 0000:00:01.1: legacy IDE quirk: reg 0x14: [io  0x03f6]
[    0.144007] pci 0000:00:01.1: legacy IDE quirk: reg 0x18: [io  0x0170-0x0177]
[    0.146627] pci 0000:00:01.1: legacy IDE quirk: reg 0x1c: [io  0x0376]
[    0.167215] pci 0000:00:07.0: quirk: [io  0x4000-0x403f] claimed by PIIX4 ACPI
[    0.168032] pci 0000:00:07.0: quirk: [io  0x4100-0x410f] claimed by PIIX4 SMB
[    0.181643] ACPI: PCI Interrupt Link [LNKA] (IRQs 5 9 10 *11)
[    0.184260] ACPI: PCI Interrupt Link [LNKB] (IRQs 5 9 *10 11)
[    0.185180] ACPI: PCI Interrupt Link [LNKC] (IRQs 5 *9 10 11)
[    0.186099] ACPI: PCI Interrupt Link [LNKD] (IRQs 5 9 10 *11)
[    0.188301] SCSI subsystem initialized
[    0.188951] pci 0000:00:02.0: vgaarb: setting as boot VGA device
[    0.189786] pci 0000:00:02.0: vgaarb: VGA device added: decodes=io+mem,owns=io+mem,locks=none
[    0.191057] pci 0000:00:02.0: vgaarb: bridge control possible
[    0.192004] vgaarb: loaded
[    0.192513] ACPI: bus type USB registered
[    0.193316] usbcore: registered new interface driver usbfs
[    0.194388] usbcore: registered new interface driver hub
[    0.195405] usbcore: registered new device driver usb
[    0.196068] EDAC MC: Ver: 3.0.0
[    0.196866] PCI: Using ACPI for IRQ routing
[    0.197807] NetLabel: Initializing
[    0.198519] NetLabel:  domain hash size = 128
[    0.200001] NetLabel:  protocols = UNLABELED CIPSOv4 CALIPSO
[    0.201081] NetLabel:  unlabeled traffic allowed by default
[    0.202165] clocksource: Switched to clocksource kvm-clock
[    0.209363] VFS: Disk quotas dquot_6.6.0
[    0.210163] VFS: Dquot-cache hash table entries: 512 (order 0, 4096 bytes)
[    0.211657] AppArmor: AppArmor Filesystem Enabled
[    0.212607] pnp: PnP ACPI init
[    0.213981] pnp: PnP ACPI: found 3 devices
[   00.21992]]ccookksource: acpi_pm: mask: 0xffffff maxccccles: 0xffffff, max_idle_ns: 2085701024 ns
[    0.493225] NET: Registered protocol family 2
[    0.494059] TCP established hash table entries: 16384 (order: 5, 131072 bytes)
[    0.495104] TCP bind hash table entries: 16384 (order: 6, 262144 bytes)
[    0.496025] TCP: Hash tables configured (established 16384 bind 16384)
[    0.496952] UDP hash table entries: 1024 (order: 3, 32768 bytes)
[    0.497793] UDP-Lite hash table entries: 1024 (order: 3, 32768 bytes)
[    0.498746] NET: Registered protocol family 1
[    0.499402] pci 0000:00:00.0: Limiting direct PCI/PCI transfers
[    0.500233] pci 0000:00:01.0: Activating ISA DMA hang workarounds
[    0.501173] pci 0000:00:02.0: Video device with shadowed ROM at [mem 0x000c0000-0x000dffff]
[    0.502403] Unpacking initramfs...
[    0.703490] Freeing initrd memory: 18972K
[    0.762883] platform rtc_cmos: registered platform RTC device (no PPPddevice found)
[    0.842579] Scanning for low memory corruption every 60 seconds
[    0.893543] Initialise system trusted keyrings
[    0.894419] Key type blacklist registered
[    0.895212] workingset: timestamp_bits=36 max_order=19 bucket_order=0
[    0.896810] zbud: loaded
[    0.897544] squashfs: version 4.0 (2009/01/31) Phillip Lougher
[    0.898484] fuse init (API version 7.26)
[    0.899558] Key type asymmetric registered
[    0.900198] Asymmetric key parser 'x509' registered
[    0.900925] Block layer SCSI generic (bsg) driver version 0.4 loaded (major 246)
[    0.902056] io scheduler noop registered
[    0.902680] io scheduler deadline registered
[    0.903352] io scheduler cfq registered (default)
[    0.904231] ACPI: AC Adapter [AC] (on-line)
[    0.904938] input: Power Button as /devices/LNXSYSTM:00/LNXPWRBN:00/input/input0
[    0.906481] ACPI: Power Button [PWRF]
[    0.907210] input: Sleep Button as /devices/LNXSYSTM:00/LNXSLPBN:00/input/input1
[    0.908518] ACPI: Sleep Button [SLPF]
[    0.909340] Serial: 8250/16550 driver, 32 ports, IRQ sharing enabled
[    0.932172] 00:02: ttyS0 at I/O 0x3f8 (irq = 4, base_baud = 115200) is a 16550A
[    0.934633] Linux agpgart interface v0.103
[    0.936163] loop: module loaded
[    0.937036] scsi host0: ata_piix
[    0.942288] scsi host1: ata_piix
[    0.942839] ata1: PATA max UDMA/33 cmd 0x1f0 ctl 0x3f6 bmdma 0xd000 irq 14
[    0.952468] ata2: PATA max UDMA/33 cmd 0x170 ctl 0x376 bmdma 0xd008 irq 15
[    0.954027] libphy: Fixed MDIO Bus: probed
[    0.954724] tun: Universal TUN/TAP device driver, 1.6
[    0.955550] PPP generic driver version 2.4.2
[    0.956304] ehci_hcd: USB 2.0 'Enhanced' Host Controller (EHCI) Driver
[    0.957327] ehci-pci: EHCI PCI platform driver
[    0.958100] ehci-platform: EHCI generic platform driver
[    0.962042] ohci_hcd: USB 1.1 'Open' Host Controller (OHCI) Driver
[    0.963045] ohci-pci: OHCI PCI platform driver
[    0.963798] ohci-platform: OHCI generic platform driver
[    0.964670] uhci_hcd: USB Universal Host Controller Interface driver
[    0.965795] i8042: PNP: PS/2 Controller [PNP0303:PS2K,PNP0f03:PS2M] at 0x60,0x64 irq 1,12
[    0.967669] serio: i8042 KBD port at 0x60,0x64 irq 1
[    0.968589] serio: i8042 AUX port at 0x60,0x64 irq 12
[    0.969608] mousedev: PS/2 mouse device common for all mice
[    0.970870] input: AT Translated Set 2 keyboard as /devices/platform/i8042/serio0/input/input2
[    0.982850] rtc_cmos rtc_cmos: rtc core: registered rtc_cmos as rtc0
[    0.986032] rtc_cmos rtc_cmos: alarms up to one day, 114 bytes nvram
[    0.986976] i2c /dev entries driver
[    0.987538] pcie_mp2_amd: AMD(R) PCI-E MP2 Communication Driver Version: 1.0
[    0.988630] device-mapper: uevent: version 1.0.3
[    0.989549] device-mapper: ioctl: 4.37.0-ioctl (2017-09-20) initialised: dm-devel@redhat.com
[    0.990949] ledtrig-cpu: registered to indicate activity on CPUs
[    0.992157] intel_pmc_core:  initialized
[    0.992984] NET: Registered protocol family 10
[    0.995740] Segment Routing with IPv6
[    0.996367] NET: Registered protocol family 17
[    0.997034] Key type dns_resolver registered
[    0.997744] RAS: Correctable Errors collector initialized.
[    0.998560] sched_clock: Marking stable (996344396, 0)->(1654653300, -658308904)
[    0.999708] registered taskstats version 1
[    1.000335] Loading compiled-in X.509 certificates
[    1.002541] Loaded X.509 cert 'Build time autogenerated kernel key: b873a790e41754b50f7dbae45b6bd46229c3c73f'
[    1.003954] zswap: loaded using pool lzo/zbud
[    1.007525] Key type big_key registered
[    1.008176] Key type trusted registered
[    1.009965] Key type encrypted registered
[    1.011678] AppArmor: AppArmor sha1 policy hashing enabled
[    1.013883] ima: No TPM chip found, activating TPM-bypass! (rc=-19)
[    1.015081] ima: Allocated hash algorithm: sha1
[    1.062694] evm: HMAC attrs: 0x1
[    1.063532]   Magic number: 15:918:433
[    1.064303] rtc_cmos rtc_cmos: setting system clock to 2019-04-01 14:25:05 UTC (1554128705)
[    1.073499] BIOS EDD facility v0.16 2004-Jun-25, 0 devices found
[    1.074431] EDD information not available.
[    1.113654] Freeing unused kernel memory: 2408K
[    1.200035] Write protecting the kernel read-only data: 20480k
[    1.203227] Freeing unused kernel memory: 2008K
[    1.206393] Freeing unused kernel memory: 1892K
[    1.246521] x86/mm: Checked W+X mappings: passed, no W+X pages found.
[    1.272615] x86/mm: Checking user space page tables
[    1.286443] x86/mm: Checked W+X mappings: passed, no W+X pages found.
Loading, please wait...
starting version 237
[    1.359619] e1000: Intel(R) PRO/1000 Network Driver - version 7.3.21-k8-NAPI
[    1.383004] e1000: Copyright (c) 1999-2006 Intel Corporation.
[    1.387258] Fusion MPT base driver 3.04.20
[    1.387964] Copyright (c) 1999-2008 LSI Corporation
[    1.407878] AVX2 version of gcm_enc/dec engaged.
[    1.432484] AES CTR mode by8 optimization enabled
[    1.443057] Fusion MPT SPI Host driver 3.04.20
[    1.604035] input: ImExPS/2 Generic Explorer Mouse as /devices/platform/i8042/serio1/input/input4
[    1.810945] tsc: Refined TSC clocksource calibration: 3601.267 MHz
[    1.862893] clocksource: tsc: mask: 0xffffffffffffffff max_cycles: 0x33e9008e527, max_idle_ns: 440795351537 ns
[    1.999192] e1000 0000:00:03.0 eth0: (PCI:33MHz:32-bit) 02:b8:5a:71:cd:59
[    2.092145] e1000 0000:00:03.0 eth0: Intel(R) PRO/1000 Network Connection
[    2.093721] mptbase: ioc0: Initiating bringup
[    2.188814] ioc0: LSI53C1030 A0: Capabilities={Initiator}
[    2.448098] scsi host2: ioc0: LSI53C1030 A0, FwRev=00000000h, Ports=1, MaxQ=256, IRQ=20
[    2.657216] scsi 2:0:0:0: Direct-Access     VBOX     HARDDISK         1.0  PQ: 0 ANSI: 5
[    2.669123] scsi target2:0:0: Beginning Domain Validation
[    2.683277] random: fast init done
[    2.684761] scsi target2:0:0: Domain Validation skipping write tests
[    2.686592] scsi target2:0:0: Ending Domain Validation
[    2.688245] scsi target2:0:0: asynchronous
[    2.692205] scsi 2:0:1:0: Direct-Access     VBOX     HARDDISK         1.0  PQ: 0 ANSI: 5
[    2.694222] scsi target2:0:1: Beginning Domain Validation
[    2.696149] scsi target2:0:1: Domain Validation skipping write tests
[    2.697441] scsi target2:0:1: Ending Domain Validation
[    2.698569] scsi target2:0:1: asynchronous
[    2.750005] sd 2:0:0:0: Attached scsi generic sg0 type 0
[    2.762518] sd 2:0:0:0: [sda] 20971520 512-byte logical blocks: (10.7 GB/10.0 GiB)
[    2.763916] sd 2:0:0:0: [sda] Write Protect is off
[    2.764847] random: systemd-udevd: uninitialized urandom read (16 bytes read)
[    2.766098] random: systemd-udevd: uninitialized urandom read (16 bytes read)
[    2.770391] sd 2:0:0:0: [sda] Incomplete mode parameter data
[    2.771214] sd 2:0:0:0: [sda] Assuming drive cache: write through
[    2.886995] sd 2:0:1:0: Attached scsi generic sg1 type 0
[    2.888053] random: systemd-udevd: uninitialized urandom read (16 bytes read)
[    2.889922] sd 2:0:1:0: [sdb] 20480 512-byte logical blocks: (10.5 MB/10.0 MiB)
[    2.891044] sd 2:0:1:0: [sdb] Write Protect is off
[    2.891847] sd 2:0:1:0: [sdb] Incomplete mode parameter data
[    2.892674] sd 2:0:1:0: [sdb] Assuming drive cache: write through
[    2.899330] sd 2:0:1:0: [sdb] Attached SCSI disk
[    3.046544]  sda: sda1
[    3.139273] sd 2:0:0:0: [sda] Attached SCSI disk
[    3.234758] e1000 0000:00:08.0 eth1: (PCI:33MHz:32-bit) 08:00:27:36:c1:3e
[    3.252106] e1000 0000:00:08.0 eth1: Intel(R) PRO/1000 Network Connection
[    3.254115] e1000 0000:00:08.0 enp0s8: renamed from eth1
[    3.342411] e1000 0000:00:03.0 enp0s3: renamed from eth0
Begin: Loading e[    4.700529] raid6: sse2x1   gen() 11999 MB/s
ssential drivers ... [    4.780499] raid6: sse2x1   xor() 10356 MB/s
[    4.840454] raid6: sse2x2   gen() 17692 MB/s
[    4.920428] raid6: sse2x2   xor()  9403 MB/s
[    4.990408] raid6: sse2x4   gen() 13017 MB/s
[    5.047485] raid6: sse2x4   xor() 11729 MB/s
[    5.120352] raid6: avx2x1   gen() 28148 MB/s
[    5.189695] raid6: avx2x1   xor() 20431 MB/s
[    5.300312] raid6: avx2x2   gen() 31440 MB/s
[    5.360258] raid6: avx2x2   xor() 21942 MB/s
[    5.430238] raid6: avx2x4   gen() 40768 MB/s
[    5.540206] raid6: avx2x4   xor() 22878 MB/s
[    5.555987] raid6: using algorithm avx2x4 gen() 40768 MB/s
[    5.556785] raid6: .... xor() 22878 MB/s, rmw enabled
[    5.557509] raid6: using avx2x2 recovery algorithm
[    5.560263] xor: automatically using best checksumming function   avx       
[    5.564090] async_tx: api initialized (async)
done.[    5.605409] Btrfs loaded, crc32c=crc32c-intel

Begin: Running /scripts/init-premount ... done.
Begin: Mounting root file system ... Begin: Running /scripts/local-top ... done.
Begin: Running /scripts/local-premount ... Scanning for Btrfs filesystems
done.
Warning: fsck no[    5.709416] EXT4-fs (sda1): mounted filesystem with ordered data mode. Opts: (null)
t present, so skipping root file system
done.
Begin: Running /scripts/local-bottom ... done.
Begin: Running /scripts/init-bottom ... done.
[    5.897609] ip_tables: (C) 2000-2006 Netfilter Core Team
[    5.925425] systemd[1]: systemd 237 running in system mode. (+PAM +AUDIT +SELINUX +IMA +APPARMOR +SMACK +SYSVINIT +UTMP +LIBCRYPTSETUP +GCRYPT +GNUTLS +ACL +XZ +LZ4 +SECCOMP +BLKID +ELFUTILS +KMOD -IDN2 +IDN -PCRE2 default-hierarchy=hybrid)
[    5.928733] systemd[1]: Detected virtualization oracle.
[    5.929597] systemd[1]: Detected architecture x86-64.

Welcome to [1mUbuntu 18.04.2 LTS[0m!

[    5.932951] systemd[1]: Set hostname to <ubuntu>.
[    5.934784] systemd[1]: Initializing machine ID from random generator.
[    5.935867] systemd[1]: Installed transient /etc/machine-id file.
[    6.080784] systemd[1]: Reached target User and Group Name Lookups.
[[0;32m  OK  [0m] Reached target User and Group Name Lookups.
[    6.112589] systemd[1]: Reached target System Time Synchronized.
[[0;32m  OK  [0m] Reached target System Time Synchronized.
[    6.114979] systemd[1]: Reached target Swap.
[[0;32m  OK  [0m] Reached target Swap.
[    6.117246] systemd[1]: Created slice System Slice.
[[0;32m  OK  [0m] Created slice System Slice.
[[0;32m  OK  [0m] Listening on udev Kernel Socket.
[[0;32m  OK  [0m] Listening on Syslog Socket.
[[0;32m  OK  [0m] Listening on udev Control Socket.
[[0;32m  OK  [0m] Listening on Journal Socket (/dev/log).
[[0;32m  OK  [0m] Listening on LVM2 poll daemon socket.
[[0;32m  OK  [0m] Listening on Network Service Netlink Socket.
[[0;32m  OK  [0m] Started Forward Password Requests to Wall Directory Watch.
[[0;32m  OK  [0m] Listening on LVM2 metadata daemon socket.
[[0;32m  OK  [0m] Listening on Device-mapper event daemon FIFOs.
[[0;32m  OK  [0m] Listening on /dev/initctl Compatibility Named Pipe.
[[0;32m  OK  [0m] Created slice system-serial\x2dgetty.slice.
[[0;32m  OK  [0m] Listening on Journal Socket.
         Starting Create list of required st…ce nodes for the current kernel...
         Starting udev Coldplug all Devices...
         Mounting POSIX Message Queue File System...
         Starting Set the console keyboard layout...
         Starting Monitoring of LVM2 mirrors…ng dmeventd or progress polling...
         Starting Load Kernel Modules...
         Mounting Huge Pages File System...
         Mounting Kernel Debug File System...
         Starting Remount Root and Kernel File Systems...
[[0;32m  OK  [0m] Created slice User and Session Slice.
[[0;32m  OK  [0m] Reached target Slices.
         Starting Uncomplicated firewall...
[[0;32m  OK  [0m] [    6.236547] Loading iSCSI transport class v2.0-870.
Listening on Journal Audit Socket.
         Starting Journal Service...
[[0;32m  OK  [0m] Set up automount Arbitrary Executab…rmats File System Automount Point.
[[0;32m  OK  [0m] Started Create list of required sta…vice nodes for the current kernel.
[[0;32m  OK  [0m] Mounted POSIX Message Queue File System.
[[0;32m  OK  [0m] Mounted Huge Pages File System.
[[0;32m  OK  [0m] Mounted Kernel Debug File System.
[    6.296454] EXT4-fs (sda1): re-mounted. Opts: (null)
[[0;32m  OK  [0m] Started Uncom[    6.317745] iscsi: registered transport (tcp)
plicated firewall.
[[0;32m  OK  [0m] Started LVM2 metadata daemon.
         Starting Create Static Device Nodes in /dev...
[[0;32m  OK  [0m] Started Journal Service.
[[0;32m  OK  [0m] Started Create Static Device Nodes in /dev.
[[0;32m  OK  [0m] Started Monitoring of LVM2 mirrors,…sing dmeventd or progress polling.
[[0;32m  OK  [0m] Started Remount Root and Kernel File Systems.
         Starting Load/Save Random Seed...
         Starting Flush Journal to Persistent Storage...
         Starting udev Kernel Device Manager...
         Starting Initial cloud-init job (pre-networking)...
[[0;32m  OK  [0m] Started Load/Save Random Seed.
[[0;32m  OK  [0m] Started udev Coldplug all Devices.
[    6.424477] systemd-journald[391]: Received request to flush runtime journal from PID 1
[[0;32m  OK  [0m] Started Set the console keyboard layout.
[[0;32m  OK  [0m] Reached target Local File Systems (Pre).
[[0;32m  OK  [0m] Reached target Local File Systems.
         Starting ebtables ruleset management...
         Starting Commit a transient machine-id on disk...
         Starting Set console font and keymap...
         Starting AppArmor initialization...
         Starting Tell Plymouth To Write Out Runtime Data...
[[0;32m  OK  [0m] Started udev Kernel Device Manager.
[[0;32m  OK  [0m] Started Dispatch Password Requests to Console Directory Watch.[    6.499988] random: crng init done

[    6.520689] random: 7 urandom warning(s) missed due to ratelimiting
[[0;32m  OK  [0m] Reached target Local Encrypted Volumes.
[    6.551526] iscsi: registered transport (iser)
[[0;32m  OK  [0m] Started Load Kernel Modules.
[[0;32m  OK  [0m] Started Set console font and keymap.
         Starting Apply Kernel Variables...
         Mounting Kernel Configuration File System...
         Mounting FUSE Control File System...
[[0;32m  OK  [0m] Started Flush Journal to Persistent Storage.
[[0;32m  OK  [0m] Started Commit a transient machine-id on disk.
[[0;32m  OK  [0m] Started Tell Plymouth To Write Out Runtime Data.
[[0;32m  OK  [0m] Started Apply Kernel Variables.
[[0;32m  OK  [0m] Mounted Kernel Configuration File System.
[[0;32m  OK  [0m] Mounted FUSE Control File System.
         Starting Create Volatile Files and Directories...
[[0;32m  OK  [0m] Started Create Volatile Files and Directories.
         Starting Update UTMP about System Boot/Shutdown...
[[0;32m  OK  [0m] Started Update UTMP about System Boot/Shutdown.
[[0;32m  OK  [0m] Started ebtables ruleset management.
[[0;32m  OK  [0m] Found device /dev/ttyS0.
[[0;32m  OK  [0m] Listening on Load/Save RF Kill Switch Status /dev/rfkill Watch.
[    8.660187] cloud-init[404]: Cloud-init v. 18.5-45-g3554ffe8-0ubuntu1~18.04.1 running 'init-local' at Mon, 01 Apr 2019 14:25:12 +0000. Up 7.83 seconds.
[[0;32m  OK  [0m] Started Initial cloud-init job (pre-networking).
[[0;32m  OK  [0m] Started AppArmor initialization.
[[0;32m  OK  [0m] Reached target Network (Pre).
         Starting Network Service...
[[0;32m  OK  [0m] Started Network Service.
         Starting Wait for Network to be Configured...
         Starting Network Name Resolution...
[[0;32m  OK  [0m] Started Network Name Resolution.
[[0;32m  OK  [0m] Reached target Network.
[[0;32m  OK  [0m] Reached target Host and Network Name Lookups.
[[0;32m  OK  [0m] Started Wait for Network to be Configured.
         Starting Initial cloud-init job (metadata service crawler)...
[   10.878655] cloud-init[615]: Cloud-init v. 18.5-45-g3554ffe8-0ubuntu1~18.04.1 running 'init' at Mon, 01 Apr 2019 14:25:15 +0000. Up 10.77 seconds.
[   10.891506] cloud-init[615]: ci-info: ++++++++++++++++++++++++++++++++++++++Net device info+++++++++++++++++++++++++++++++++++++++
[   10.893415] cloud-init[615]: ci-info: +--------+-------+----------------------------+---------------+--------+-------------------+
[   10.937373] cloud-init[615]: ci-info: | Device |   Up  |          Address           |      Mask     | Scope  |     Hw-Address    |
[   10.973725] cloud-init[615]: ci-info: +--------+-------+----------------------------+---------------+--------+-------------------+
[   10.975784] cloud-init[615]: ci-info: | enp0s3 |  True |         10.0.2.15          | 255.255.255.0 | global | 02:b8:5a:71:cd:59 |
[   10.988375] cloud-init[615]: ci-info: | enp0s3 |  True | fe80::b8:5aff:fe71:cd59/64 |       .       |  link  | 02:b8:5a:71:cd:59 |
[   11.012400] cloud-init[615]: ci-info: | enp0s8 | False |             .              |       .       |   .    | 08:00:27:36:c1:3e |
[   11.014151] cloud-init[615]: ci-info: |   lo   |  True |         127.0.0.1          |   255.0.0.0   |  host  |         .         |
[   11.016675] cloud-init[615]: ci-info: |   lo   |  True |          ::1/128           |       .       |  host  |         .         |
[   11.021795] cloud-init[615]: ci-info: +--------+-------+----------------------------+---------------+--------+-------------------+
[   11.027111] cloud-init[615]: ci-info: ++++++++++++++++++++++++++++Route IPv4 info+++++++++++++++++++++++++++++
[   11.029475] cloud-init[615]: ci-info: +-------+-------------+----------+-----------------+-----------+-------+
[   11.031848] cloud-init[615]: ci-info: | Route | Destination | Gateway  |     Genmask     | Interface | Flags |
[   11.034438] cloud-init[615]: ci-info: +-------+-------------+----------+-----------------+-----------+-------+
[   11.043528] cloud-init[615]: ci-info: |   0   |   0.0.0.0   | 10.0.2.2 |     0.0.0.0     |   enp0s3  |   UG  |
[   11.051969] cloud-init[615]: ci-info: |   1   |   10.0.2.0  | 0.0.0.0  |  255.255.255.0  |   enp0s3  |   U   |
[   11.057300] cloud-init[615]: ci-info: |   2   |   10.0.2.2  | 0.0.0.0  | 255.255.255.255 |   enp0s3  |   UH  |
[   11.061529] cloud-init[615]: ci-info: +-------+-------------+----------+-----------------+-----------+-------+
[   11.063366] cloud-init[615]: ci-info: +++++++++++++++++++Route IPv6 info+++++++++++++++++++
[   11.069189] cloud-init[615]: ci-info: +-------+-------------+---------+-----------+-------+
[   11.071509] cloud-init[615]: ci-info: | Route | Destination | Gateway | Interface | Flags |
[   11.072880] cloud-init[615]: ci-info: +-------+-------------+---------+-----------+-------+
[   11.074661] cloud-init[615]: ci-info: |   1   |  fe80::/64  |    ::   |   enp0s3  |   U   |
[   11.077208] cloud-init[615]: ci-info: |   3   |    local    |    ::   |   enp0s3  |   U   |
[   11.096471] cloud-init[615]: ci-info: |   4   |   ff00::/8  |    ::   |   enp0s3  |   U   |
[   11.098129] cloud-init[615]: ci-info: +-------+-------------+---------+-----------+-------+
[   11.647153] cloud-init[615]: Generating public/private rsa key pair.
[   11.678131] cloud-init[615]: Your identification has been saved in /etc/ssh/ssh_host_rsa_key.
[   11.688755] cloud-init[615]: Your public key has been saved in /etc/ssh/ssh_host_rsa_key.pub.
[   11.690263] cloud-init[615]: The key fingerprint is:
[   11.691275] cloud-init[615]: SHA256:PgguQbuEl8K4rekk1++Y09dS8faGUytGT+7tSPHKL0Y root@ubuntu-bionic[[0;32m  OK  [0m] Started Initial cloud-init job (metadata service crawler).
[[0;32m  OK  [0m] Reached target Cloud-config availability.
[[0;32m  OK  [0m] Reached target System Initialization.
         Starting Socket activation for snappy daemon.
[[0;32m  OK  [0m] Listening on D-Bus System Message Bus Socket.
[[0;32m  OK  [0m] Started Daily apt download activities.
[[0;32m  OK  [0m] Started ACPI Events Check.
         Starting LXD - unix socket.
[[0;32m  OK  [0m] Listening on Open-iSCSI iscsid Socket.
[[0;32m  OK  [0m] Started Message of the Day.
[[0;32m  OK  [0m] Started Daily Cleanup of Temporary Directories.
[[0;32m  OK  [0m] Listening on UUID daemon activation socket.
[[0;32m  OK  [0m] Started Discard unused blocks once a week.

[[0;32m  OK  [0m] Started Daily apt upgrade and clean activities.
[[0;32m  OK  [0m] Reached target Timers.
[   11.735065] [[0;32m  OK  [0m] Listening on ACPID Listen Socket.
[[0;32m  OK  [0m] Reached target Paths.
[[0;32m  OK  [0m] Reached target Network is Online.
cloud-init[615]: The key's randomart image is:
         [   11.828806] cloud-init[615]: +---[RSA 2048]----+
[   11.829403] cloud-init[615]: |                 |
[   11.829445] cloud-init[615]: |                 |
[   11.829489] cloud-init[615]: |  .              |
[   11.829527] cloud-init[615]: |oo o      .      |
[   11.829569] cloud-init[615]: |+.* .   S  o  .  |
[   11.829609] cloud-init[615]: | * = . o  . + Eo |
[   11.829655] cloud-init[615]: |o.= o.. oo o O...|
[   11.829691] cloud-init[615]: |o+ ..+. o.. =oO+ |
[   11.829728] cloud-init[615]: |+.  ooo. . . *=++|
[   11.829766] cloud-init[615]: +----[SHA256]-----+
[   11.829802] cloud-init[615]: Generating public/private dsa key pair.
[   11.829843] cloud-init[615]: Your identification has been saved in /etc/ssh/ssh_host_dsa_key.
[   11.829880] cloud-init[615]: Your public key has been saved in /etc/ssh/ssh_host_dsa_key.pub.
[   11.829954] cloud-init[615]: The key fingerprint is:
[   11.829991] cloud-init[615]: SHA256:bhqSNIgKrMQAta7Ej2pEdXpvOJbtRhNVq5O6EqWihKc root@ubuntu-bionic
[   11.830026] cloud-init[615]: The key's randomart image is:
[   11.830064] cloud-init[615]: +---[DSA 1024]----+
[   11.830105] cloud-init[615]: |...       ..     |
[   11.830146] cloud-init[615]: |.  o .   .  .    |
[   11.830189] cloud-init[615]: |. o o   .  .     |
[   11.830229] cloud-init[615]: |=+ o . o  o      |
[   11.830268] cloud-init[615]: |=*o + B S+       |
[   11.830303] cloud-init[615]: |B++o X B. .      |
[   11.830341] cloud-init[615]: |*+..= B.+        |
[   11.830383] cloud-init[615]: |Eo   o *.        |
[   11.830422] cloud-init[615]: |o     +.         |
[   11.830458] cloud-init[615]: +----[SHA256]-----+
[   11.830495] cloud-init[615]: Generating public/private ecdsa key pair.
[   11.830537] cloud-init[615]: Your identification has been saved in /etc/ssh/ssh_host_ecdsa_key.
[   11.830576] cloud-init[615]: Your public key has been saved in /etc/ssh/ssh_host_ecdsa_key.pub.
[   11.830618] cloud-init[615]: The key fingerprint is:
[   11.830655] cloud-init[615]: SHA256:Q+FpzMZVMyN5Lb87CvsVslVq1IzDNA3tmc5+tLw2TBE root@ubuntu-bionic
[   11.830825] cloud-init[615]: The key's randomart image is:
[   11.830870] cloud-init[615]: +---[ECDSA 256]---+
[   11.830912] cloud-init[615]: |        . oo=.++ |
[   11.830950] cloud-init[615]: |       = +..o*.Eo|
[   11.830992] cloud-init[615]: |        X  . o=.B|
[   11.831030] cloud-init[615]: |       +     ..B.|
[   11.831068] cloud-init[615]: |        S   . B..|
[   11.831105] cloud-init[615]: |         .   =.=.|
[   11.831141] cloud-init[615]: |          . . *o.|
[   11.831177] cloud-init[615]: |           o .oB.|
[   11.831214] cloud-init[615]: |          ..o..o+|
[   11.831252] cloud-init[615]: +----[SHA256]-----+
[   11.831288] cloud-init[615]: Generating public/private ed25519 key pair.
[   11.831328] cloud-init[615]: Your identification has been saved in /etc/ssh/ssh_host_ed25519_key.
[   11.831365] cloud-init[615]: Your public key has been saved in /etc/ssh/ssh_host_ed25519_key.pub.
[   11.831403] cloud-init[615]: The key fingerprint is:
[   11.831438] cloud-init[615]: SHA256:LWJ3nBdWOC5JURwvzWY/Oc+0uCGscKVaEIaf2hFUybw root@ubuntu-bionic
[   11.831475] cloud-init[615]: The key's randomart image is:
[   11.831511] cloud-init[615]: +--[ED25519 256]--+
[   11.831549] cloud-init[615]: |       .+.o+oo.  |
[   11.831590] cloud-init[615]: |      o  +. +=   |
[   11.831631] cloud-init[615]: |     . + ..o+.*  |
[   11.831668] cloud-init[615]: |      o +Eoo.= ..|
[   11.831707] cloud-init[615]: |      o=S =o.  +o|
[   11.831735] cloud-init[615]: |     .oooo+.  .o=|
[   11.831761] cloud-init[615]: |     . o + o o .o|
[   11.831794] cloud-init[615]: |        = . . o  |
[   11.831863] cloud-init[615]: |       . .   .   |
[   11.831910] cloud-init[615]: +----[SHA256]-----+
Starting Availability of block devices...
[[0;32m  OK  [0m] Reached target Remote File Systems (Pre).
[[0;32m  OK  [0m] Reached target Remote File Systems.
[[0;32m  OK  [0m] Listening on Socket activation for snappy daemon.
[[0;32m  OK  [0m] Listening on LXD - unix socket.
[[0;32m  OK  [0m] Started Availability of block devices.
[[0;32m  OK  [0m] Reached target Sockets.
[[0;32m  OK  [0m] Reached target Basic System.
         Starting LSB: Record successful boot for GRUB...
         Starting LXD - container startup/shutdown...
         Starting System Logging Service...
         Starting Virtualbox guest utils...
         Starting Pollinate to seed the pseudo random number generator...
         Starting LSB: automatic crash report generation...
[[0;32m  OK  [0m] Started irqbalance daemon.
         Starting Accounts Service...
         Starting Dispatcher daemon for systemd-networkd...
[[0;32m  OK  [0m] Started FUSE filesystem for LXC.
         Starting Login Service...
         Starting Permit User Sessions...
[[0;32m  OK  [0m] Started Deferred execution scheduler.
[[0;32m  OK  [0m] Started Regular background program processing daemon.
[[0;32m  OK  [0m] Started D-Bus System Message Bus.
[[0;32m  OK  [0m] Started Login Service.
[[0;32m  OK  [0m] Started Unattended Upgrades Shutdown.
         Starting Snappy daemon...
[[0;32m  OK  [0m] Started System Logging Service.
[[0;32m  OK  [0m] Started Dispatcher daemon for systemd-networkd.
[[0;32m  OK  [0m] Started LXD - container startup/shutdown.
[[0;32m  OK  [0m] Started Snappy daemon.
[[0;32m  OK  [0m] Started Permit User Sessions.
         Starting Authorization Manager...
         Starting Terminate Plymouth Boot Screen...
         Starting Hold until boot process finishes up...
         Starting Wait until snapd is fully seeded...
[[0;32m  OK  [0m] Started Terminate Plymouth Boot Screen.
[[0;32m  OK  [0m] Started Hold until boot process finishes up.
[[0;32m  OK  [0m] Started Authorization Manager.
[[0;32m  OK  [0m] Started Accounts Service.
         Starting Set console scheme...
[[0;32m  OK  [0m] Started Serial Getty on ttyS0.
[[0;32m  OK  [0m] Started LSB: automatic crash report generation.
[[0;32m  OK  [0m] Started Set console scheme.
[[0;32m  OK  [0m] Created slice system-getty.slice.
[[0;32m  OK  [0m] Started Getty on tty1.
[[0;32m  OK  [0m] Reached target Login Prompts.
[[0;32m  OK  [0m] Started LSB: Record successful boot for GRUB.
[[0;32m  OK  [0m] Started Virtualbox guest utils.
[[0;32m  OK  [0m] Started Pollinate to seed the pseudo random number generator.
         Starting OpenBSD Secure Shell server...
[[0;32m  OK  [0m] Started OpenBSD Secure Shell server.
[[0;32m  OK  [0m] Created slice User Slice of vagrant.
         Starting User Manager for UID 1000...
[[0;32m  OK  [0m] Started Session 1 of user vagrant.
[[0;32m  OK  [0m] Started User Manager for UID 1000.
[[0;32m  OK  [0m] Started Wait until snapd is fully seeded.
         Starting Apply the settings specified in cloud-config...
[[0;32m  OK  [0m] Reached target Multi-User System.
[[0;32m  OK  [0m] Reached target Graphical Interface.
         Starting Update UTMP about System Runlevel Changes...
[[0;32m  OK  [0m] Started Update UTMP about System Runlevel Changes.
[   14.945733] cloud-init[1179]: Cloud-init v. 18.5-45-g3554ffe8-0ubuntu1~18.04.1 running 'modules:config' at Mon, 01 Apr 2019 14:25:19 +0000. Up 14.70 seconds.
[[0;32m  OK  [0m] Started Apply the settings specified in cloud-config.
         Starting Execute cloud user/final scripts...
ci-info: no authorized ssh keys fingerprints found for user ubuntu.
<14>Apr  1 14:25:19 ec2: 
<14>Apr  1 14:25:19 ec2: #############################################################
<14>Apr  1 14:25:19 ec2: -----BEGIN SSH HOST KEY FINGERPRINTS-----
<14>Apr  1 14:25:19 ec2: 1024 SHA256:bhqSNIgKrMQAta7Ej2pEdXpvOJbtRhNVq5O6EqWihKc root@ubuntu-bionic (DSA)
<14>Apr  1 14:25:19 ec2: 256 SHA256:Q+FpzMZVMyN5Lb87CvsVslVq1IzDNA3tmc5+tLw2TBE root@ubuntu-bionic (ECDSA)
<14>Apr  1 14:25:19 ec2: 256 SHA256:LWJ3nBdWOC5JURwvzWY/Oc+0uCGscKVaEIaf2hFUybw root@ubuntu-bionic (ED25519)
<14>Apr  1 14:25:19 ec2: 2048 SHA256:PgguQbuEl8K4rekk1++Y09dS8faGUytGT+7tSPHKL0Y root@ubuntu-bionic (RSA)
<14>Apr  1 14:25:19 ec2: -----END SSH HOST KEY FINGERPRINTS-----
<14>Apr  1 14:25:19 ec2: #############################################################
-----BEGIN SSH HOST KEY KEYS-----
ecdsa-sha2-nistp256 AAAAE2VjZHNhLXNoYTItbmlzdHAyNTYAAAAIbmlzdHAyNTYAAABBBH8cquPDczZcjmm3EAZH6y4XHGPELFjl9g5Wg5jw6FNY6qfWa/ZBnd0fEJM9JEaukhgDmWwSmixEE//a/+uhXmo= root@ubuntu-bionic
ssh-ed25519 AAAAC3NzaC1lZDI1NTE5AAAAIEKvi38Ww80sUo7Qgb7Sdl846NGU8lt2ax/OvnZ/jWAm root@ubuntu-bionic
ssh-rsa AAAAB3NzaC1yc2EAAAADAQABAAABAQDeeTruT4kP/wAkKL3QSGPcC/SoYoqbWfzzeC7FVV+huH6GdPq0MfLqfSyWhFDA65QxCBZz1jRtQ9wZ7MnUzC1YK5MOV2qvMrlHGQDh7flRJkBydbmy9Eh/itLIc+AiL4tBOWrGw9XyNELhQ+JrvmPajvDQcXNa+oIrvzBYt6fex5v7GB5VI9Ou7OmhG+SFO1Y8vwzcPqw6jsSbd89J/AX91MCpy/7oeRCvZEdyW+YRu9PHrtQqTWUkE5QsMjRz1HlBVlyOYGtKupYAlK/QuoqCJmh4atY47qHiFIJMj6Tn0o16SVyg5slEPW9j/C64OR48xNdH3lq/KEa2MyU+ixUP root@ubuntu-bionic
-----END SSH HOST KEY KEYS-----
[   15.448694] cloud-init[1241]: Cloud-init v. 18.5-45-g3554ffe8-0ubuntu1~18.04.1 running 'modules:final' at Mon, 01 Apr 2019 14:25:19 +0000. Up 15.28 seconds.
[[   15.494090] cloud-init[1241]: ci-info: no authorized ssh keys fingerprints found for user ubuntu.
[   15.494363] cloud-init[1241]: Cloud-init v. 18.5-45-g3554ffe8-0ubuntu1~18.04.1 finished at Mon, 01 Apr 2019 14:25:19 +0000. Datasource DataSourceNoCloud [seed=/dev/sdb][dsmode=net].  Up 15.44 seconds
[0;32m  OK  [0m] Started Execute cloud user/final scripts.
[[0;32m  OK  [0m] Reached target Cloud-init target.

Ubuntu 18.04.2 LTS ubuntu-bionic ttyS0

ubuntu-bionic login: [[0;32m  OK  [0m] Stopped target Timers.
[[0;32m  OK  [0m] Stopped target Cloud-init target.
         Stopping Session 1 of user vagrant.
         Stopping User Manager for UID 1000...
[[0;32m  OK  [0m] Stopped Message of the Day.
[[0;32m  OK  [0m] Stopped Daily Cleanup of Temporary Directories.
         Stopping Bacula Director Daemon service...
         Stopping Availability of block devices...
         Stopping Authorization Manager...
[[0;32m  OK  [0m] Stopped Discard unused blocks once a week.
[[0;32m  OK  [0m] Stopped Execute cloud user/final scripts.
[[0;32m  OK  [0m] Stopped Apply the settings specified in cloud-cn[[0;32m  OK  [0m] Stopped Regular background program processing daemon.
[[0;32m  OK  [0m] Stopped Accounts Service.
[[0;32m  OK  [0m] Stopped Dispatcher daemon for systemd-networkd.
[[0;32m  OK  [0m] Stopped Unattended Upgrades Shutdown.
[[0;32m  OK  [0m] Stopped Authorization Manager.
[[0;32m  OK  [0m] Stopped Serial Getty on ttyS0.
[[0;32m  OK  [0m] Stopped Getty on tty1.
[[0;32m  OK  [0m] Stopped OpenBSD Secure Shell server.
[[0;32m  OK  [0m] Stopped Bacula File Daemon service.
[[0;32m  OK  [0m] Stopped System Logging Service.
[[0;32m  OK  [0m] Stopped Availability of block devices.
[[0;32m  OK  [0m] Stopped Postfix Mail Transport Agent (instance -).
[[0;32m  OK  [0m] Stopped FUSE filesystem for LXC.
[[0;32m  OK  [0m] Stopped Session 3 of user vagrant.
[[0;32m  OK  [0m] Removed slice User Slice of vagrant.
[[0;32m  OK  [0m] Stopped target Network is Online.
[[0;32m  OK  [0m] Stopped target Host and Network Name Lookups.
[[0;32m  OK  [0m] Removed slice system-postfix.slice.
[[0;32m  OK  [0m] Removed slice system-getty.slice.
         Stopping Permit User Sessions...
[[0;32m  OK  [0m] Removed slice system-serial\x2dgetty.slice.
         Stopping Login Service...
[[0;32m  OK  [0m] Stopped LXD - container startup/shutdown.
[[0;32m  OK  [0m] Stopped Login Service.
[[0;32m  OK  [0m] Stopped Virtualbox guest utils.
[[0;32m  OK  [0m] Stopped LSB: automatic crash report generation.
[[0;32m  OK  [0m] Stopped PostgreSQL Cluster 10-main.
[[0;32m  OK  [0m] Stopped Permit User Sessions.
[[0;32m  OK  [0m] Removed slice system-postgresql.slice.
[[0;32m  OK  [0m] Stopped target Remote File Systems.
[[0;32m  OK  [0m] Stopped target Remote File Systems (Pre).
[[0;32m  OK  [0m] Stopped target User and Group Name Lookups.
[[0;32m  OK  [0m] Stopped LSB: Record successful boot for GRUB.
[[0;32m  OK  [0m] Stopped Bacula Storage Daemon service.
[[0;32m  OK  [0m] Stopped target Basic System.
[[0;32m  OK  [0m] Stopped target Paths.
[[0;32m  OK  [0m] Stopped ACPI Events Check.
[[0;32m  OK  [0m] Stopped target Sockets.
[[0;32m  OK  [0m] Closed UUID daemon activation socket.
[[0;32m  OK  [0m] Closed Open-iSCSI iscsid Socket.
[[0;32m  OK  [0m] Closed ACPID Listen Socket.
[[0;32m  OK  [0m] Closed D-Bus System Message Bus Socket.
[[0;32m  OK  [0m] Closed Socket activation for snappy daemon.
[[0;32m  OK  [0m] Closed LXD - unix socket.
[[0;32m  OK  [0m] Closed Syslog Socket.
[[0;32m  OK  [0m] Stopped target Slices.
[[0;32m  OK  [0m] Removed slice User and Session Slice.
[[0;32m  OK  [0m] Stopped target System Initialization.
[[0;32m  OK  [0m] Stopped Initial cloud-init job (metadata service crawler).
         Stopping Load/Save Random Seed...
[[0;32m  OK  [0m] Stopped target Local Encrypted Volumes.
[[0;32m  OK  [0m] Stopped Dispatch Password Requests to Console Directory Watch.
[[0;32m  OK  [0m] Stopped Forward Password Requests to Wall Directory Watch.
         Stopping Update UTMP about System Boot/Shutdown...
[[0;32m  OK  [0m] Stopped Commit a transient machine-id on disk.
[[0;32m  OK  [0m] Stopped target Network.
         Stopping Network Name Resolution...
[[0;32m  OK  [0m] Stopped Load/Save Random Seed.
[[0;32m  OK  [0m] Stopped Network Name Resolution.
         Stopping Network Service...
[[0;32m  OK  [0m] Stopped Network Service.
[[0;32m  OK  [0m] Stopped Update UTMP about System Boot/Shutdown.
[[0;32m  OK  [0m] Stopped Create Volatile Files and Directories.
[[0;32m  OK  [0m] Stopped target Local File Systems.
         Unmounting /run/user/1000...
         Unmounting /vagrant...
[[0;32m  OK  [0m] Stopped target Network (Pre).
[[0;32m  OK  [0m] Stopped Initial cloud-init job (pre-networking).
[[0;32m  OK  [0m] Stopped Apply Kernel Variables.
[[0;32m  OK  [0m] Stopped Load Kernel Modules.
[[0;32m  OK  [0m] Unmounted /run/user/1000.
[[0;32m  OK  [0m] Unmounted /vagrant.
[[0;32m  OK  [0m] Reached target Unmount All Filesystems.
[[0;32m  OK  [0m] Stopped target Swap.
[[0;32m  OK  [0m] Stopped target Local File Systems (Pre).
         Stopping Monitoring of LVM2 mirrors…ng dmeventd or progress polling...
[[0;32m  OK  [0m] Stopped Remount Root and Kernel File Systems.
[[0;32m  OK  [0m] Stopped Create Static Device Nodes in /dev.
[[0;32m  OK  [0m] Reached target Shutdown.
[[0;32m  OK  [0m] Reached target Final Step.
         Starting Power-Off...
[[0;32m  OK  [0m] Stopped Monitoring of LVM2 mirrors,…sing dmeventd or progress polling.
         Stopping LVM2 metadata daemon...
[[0;32m  OK  [0m] Stopped LVM2 metadata daemon.
[ 1522.503863] reboot: Power down
