Feb 08 00:12:10 Installed: wget-1.14-18.el7.x86_64
Feb 08 00:17:35 Updated: glibc-common-2.17-260.el7_6.3.x86_64
Feb 08 00:17:35 Updated: glibc-2.17-260.el7_6.3.x86_64
Feb 08 00:17:36 Installed: mpfr-3.1.1-4.el7.x86_64
Feb 08 00:17:36 Installed: libmpc-1.0.1-3.el7.x86_64
Feb 08 00:17:36 Installed: cpp-4.8.5-36.el7.x86_64
Feb 08 00:17:37 Installed: kernel-headers-3.10.0-957.5.1.el7.x86_64
Feb 08 00:17:37 Installed: glibc-headers-2.17-260.el7_6.3.x86_64
Feb 08 00:17:37 Installed: glibc-devel-2.17-260.el7_6.3.x86_64
Feb 08 00:17:38 Installed: gcc-4.8.5-36.el7.x86_64
Feb 08 00:18:01 Installed: ncurses-devel-5.9-14.20130511.el7_4.x86_64
Feb 08 00:18:20 Installed: m4-1.4.16-10.el7.x86_64
Feb 08 00:18:20 Installed: flex-2.5.37-6.el7.x86_64
Feb 08 00:18:45 Installed: bison-3.0.4-2.el7.x86_64
Feb 08 00:22:35 Updated: 1:grub2-common-2.02-0.76.el7.centos.1.noarch
Feb 08 00:22:35 Updated: 1:grub2-tools-minimal-2.02-0.76.el7.centos.1.x86_64
Feb 08 00:22:35 Updated: 1:grub2-tools-2.02-0.76.el7.centos.1.x86_64
Feb 08 00:22:35 Updated: krb5-libs-1.15.1-37.el7_6.x86_64
Feb 08 00:22:35 Installed: libkadm5-1.15.1-37.el7_6.x86_64
Feb 08 00:22:35 Updated: 1:grub2-tools-extra-2.02-0.76.el7.centos.1.x86_64
Feb 08 00:22:36 Updated: 1:grub2-pc-modules-2.02-0.76.el7.centos.1.noarch
Feb 08 00:22:36 Updated: 1:grub2-pc-2.02-0.76.el7.centos.1.x86_64
Feb 08 00:22:36 Installed: zlib-devel-1.2.7-18.el7.x86_64
Feb 08 00:22:36 Installed: libsepol-devel-2.5-10.el7.x86_64
Feb 08 00:22:36 Installed: libverto-devel-0.2.5-4.el7.x86_64
Feb 08 00:22:36 Installed: libcom_err-devel-1.42.9-13.el7.x86_64
Feb 08 00:22:36 Installed: pcre-devel-8.32-17.el7.x86_64
Feb 08 00:22:36 Installed: libselinux-devel-2.5-14.1.el7.x86_64
Feb 08 00:22:36 Installed: keyutils-libs-devel-1.5.8-3.el7.x86_64
Feb 08 00:22:36 Installed: krb5-devel-1.15.1-37.el7_6.x86_64
Feb 08 00:22:37 Installed: 1:openssl-devel-1.0.2k-16.el7.x86_64
Feb 08 00:22:37 Updated: 1:grub2-2.02-0.76.el7.centos.1.x86_64
Feb 08 00:22:53 Installed: bc-1.06.95-13.el7.x86_64
Feb 08 00:23:13 Installed: elfutils-libelf-devel-0.172-2.el7.x86_64
