[    0.000000] Linux version 4.15.0-46-generic (buildd@lgw01-amd64-038) (gcc version 7.3.0 (Ubuntu 7.3.0-16ubuntu3)) #49-Ubuntu SMP Wed Feb 6 09:33:07 UTC 2019 (Ubuntu 4.15.0-46.49-generic 4.15.18)
[    0.000000] Command line: BOOT_IMAGE=/boot/vmlinuz-4.15.0-46-generic root=LABEL=cloudimg-rootfs ro console=tty1 console=ttyS0
[    0.000000] KERNEL supported cpus:
[    0.000000]   Intel GenuineIntel
[    0.000000]   AMD AuthenticAMD
[    0.000000]   Centaur CentaurHauls
[    0.000000] x86/fpu: Supporting XSAVE feature 0x001: 'x87 floating point registers'
[    0.000000] x86/fpu: Supporting XSAVE feature 0x002: 'SSE registers'
[    0.000000] x86/fpu: Supporting XSAVE feature 0x004: 'AVX registers'
[    0.000000] x86/fpu: xstate_offset[2]:  576, xstate_sizes[2]:  256
[    0.000000] x86/fpu: Enabled xstate features 0x7, context size is 832 bytes, using 'standard' format.
[    0.000000] e820: BIOS-provided physical RAM map:
[    0.000000] BIOS-e820: [mem 0x0000000000000000-0x000000000009fbff] usable
[    0.000000] BIOS-e820: [mem 0x000000000009fc00-0x000000000009ffff] reserved
[    0.000000] BIOS-e820: [mem 0x00000000000f0000-0x00000000000fffff] reserved
[    0.000000] BIOS-e820: [mem 0x0000000000100000-0x00000000bcfeffff] usable
[    0.000000] BIOS-e820: [mem 0x00000000bcff0000-0x00000000bcffffff] ACPI data
[    0.000000] BIOS-e820: [mem 0x00000000fec00000-0x00000000fec00fff] reserved
[    0.000000] BIOS-e820: [mem 0x00000000fee00000-0x00000000fee00fff] reserved
[    0.000000] BIOS-e820: [mem 0x00000000fffc0000-0x00000000ffffffff] reserved
[    0.000000] NX (Execute Disable) protection: active
[    0.000000] SMBIOS 2.5 present.
[    0.000000] DMI: innotek GmbH VirtualBox/VirtualBox, BIOS VirtualBox 12/01/2006
[    0.000000] Hypervisor detected: KVM
[    0.000000] e820: last_pfn = 0xbcff0 max_arch_pfn = 0x400000000
[    0.000000] MTRR: Disabled
[    0.000000] x86/PAT: MTRRs disabled, skipping PAT initialization too.
[    0.000000] CPU MTRRs all blank - virtualized system.
[    0.000000] x86/PAT: Configuration [0-7]: WB  WT  UC- UC  WB  WT  UC- UC  
[    0.000000] found SMP MP-table at [mem 0x0009fff0-0x0009ffff] mapped at [        (ptrval)]
[    0.000000] Scanning 1 areas for low memory corruption
[    0.000000] RAMDISK: [mem 0x35add000-0x36d65fff]
[    0.000000] ACPI: Early table checksum verification disabled
[    0.000000] ACPI: RSDP 0x00000000000E0000 000024 (v02 VBOX  )
[    0.000000] ACPI: XSDT 0x00000000BCFF0030 00003C (v01 VBOX   VBOXXSDT 00000001 ASL  00000061)
[    0.000000] ACPI: FACP 0x00000000BCFF00F0 0000F4 (v04 VBOX   VBOXFACP 00000001 ASL  00000061)
[    0.000000] ACPI: DSDT 0x00000000BCFF0470 0021FF (v02 VBOX   VBOXBIOS 00000002 INTL 20180105)
[    0.000000] ACPI: FACS 0x00000000BCFF0200 000040
[    0.000000] ACPI: FACS 0x00000000BCFF0200 000040
[    0.000000] ACPI: APIC 0x00000000BCFF0240 00005C (v02 VBOX   VBOXAPIC 00000001 ASL  00000061)
[    0.000000] ACPI: SSDT 0x00000000BCFF02A0 0001CC (v01 VBOX   VBOXCPUT 00000002 INTL 20180105)
[    0.000000] No NUMA configuration found
    0.000000] Faking a node at [mem 0x0000000000000000-0x00000000bcfeffff]
[    0.000000] NODE_DATA(0) allocated [mem 0xbcfc5000-0xbcfeffff]
[    0.000000] kvm-clock: cpu 0, msr 0:bcf44001, primary cpu clock
[    0.000000] kvm-clock: Using msrs 4b564d01 and 4b564d00
[    0.000000] kvm-clock: using sched offset of 3094553084 cycles
[    0.000000] clocksource: kvm-clock: mask: 0xffffffffffffffff max_cycles: 0x1cd42e4dffb, max_idle_ns: 881590591483 ns
[    0.000000] Zone ranges:
[    0.000000]   DMA      [mem 0x0000000000001000-0x0000000000ffffff]
[    0.000000]   DMA32    [mem 0x0000000001000000-0x00000000bcfeffff]
[    0.000000]   Normal   empty
[    0.000000]   Device   empty
[    0.000000] Movable zone start for each node
[    0.000000] Early memory node ranges
[    0.000000]   node   0: [mem 0x0000000000001000-0x000000000009efff]
[    0.000000]   node   0: [mem 0x0000000000100000-0x00000000bcfeffff]
[    0.000000] Reserved but unavailable: 12402 pages
[    0.000000] Initmem setup node 0 [mem 0x0000000000001000-0x00000000bcfeffff]
[    0.000000] ACPI: PM-Timer IO Port: 0x4008
[    0.000000] IOAPIC[0]: apic_id 2, version 32, address 0xfec00000, GSI 0-23
[    0.000000] ACPI: INT_SRC_OVR (bus 0 bus_irq 0 global_irq 2 dfl dfl)
[    0.000000] ACPI: INT_SRC_OVR (bus 0 bus_irq 9 global_irq 9 low level)
[    0.000000] Using ACPI (MADT) for SMP configuration information
[    0.000000] smpboot: Allowing 2 CPUs, 0 hotplug CPUs
[    0.000000] PM: Registered nosave memory: [mem 0x00000000-0x00000fff]
[    0.000000] PM: Registered nosave memory: [mem 0x0009f000-0x0009ffff]
[    0.000000] PM: Registered nosave memory: [mem 0x000a0000-0x000effff]
[    0.000000] PM: Registered nosave memory: [mem 0x000f0000-0x000fffff]
[    0.000000] e820: [mem 0xbd000000-0xfebfffff] available for PCI devices
[    0.000000] Booting paravirtualized kernel on KVM
[    0.000000] clocksource: refined-jiffies: mask: 0xffffffff max_cycles: 0xffffffff, max_idle_ns: 7645519600211568 ns
[    0.000000] random: get_random_bytes called from start_kernel+0x99/0x4fd with crng_init=0
[    0.000000] setup_percpu: NR_CPUS:8192 nr_cpumask_bits:2 nr_cpu_ids:2 nr_node_ids:1
[    0.000000] percpu: Embedded 46 pages/cpu @        (ptrval) s151552 r8192 d28672 u1048576
[    0.000000] PV qspinlock hash table entries: 256 (order: 0, 4096 bytes)
[    0.000000] Built 1 zonelists, mobility grouping on.  Total pages: 761913
[    0.000000] Policy zone: DMA32
[    0.000000] Kernel command line: BOOT_IMAGE=/boot/vmlinuz-4.15.0-46-generic root=LABEL=cloudimg-rootfs ro console=tty1 console=ttyS0
[    0.000000] Memory: 2998836K/3096120K available (12300K kernel code, 2473K rwdata, 4252K rodata, 2408K init, 2416K bss, 97284K reserved, 0K cma-reserved)
[    0.000000] SLUB: HWalign=64, Order=0-3, MinObjects=0, CPUs=2, Nodes=1
[    0.000000] Kernel/User page tables isolation: enabled
[    0.000000] ftrace: allocating 39198 entries in 154 pages
[    0.004000] Hierarchical RCU implementation.
[    0.004000] 	RCU restricting CPUs from NR_CPUS=8192 to nr_cpu_ids=2.
[    0.004000] 	Tasks RCU enabled.
[    0.004000] RCU: Adjusting geometry for rcu_fanout_leaf=16, nr_cpu_ids=2
[    0.004000] NR_IRQS: 524544, nr_irqs: 440, preallocated irqs: 16
[    0.004000] Console: colour VGA+ 80x25
[    0.004000] console [tty1] enabled
[    0.004000] console [ttyS0] enabled
[    0.004000] ACPI: Core revision 20170831
[    0.004000] ACPI: 2 ACPI AML tables successfully acquired and loaded
[    0.004000] APIC: Switch to symmetric I/O mode setup
[    0.004000] x2apic enabled
[    0.004000] Switched APIC routing to physical x2apic.
[    0.004000] ..TIMER: vector=0x30 apic1=0 pin1=2 apic2=-1 pin2=-1
[    0.004004] tsc: Detected 3518.348 MHz processor
[    0.004794] Calibrating delay loop (skipped) preset value.. 7036.69 BogoMIPS (lpj=14073392)
[    0.005452] pid_max: default: 32768 minimum: 301
[    0.006282] Security Framework initialized
[    0.008002] Yama: becoming mindful.
[    0.008653] AppArmor: AppArmor initialized
[    0.010145] Dentry cache hash table entries: 524288 (order: 10, 4194304 bytes)
[    0.011709] Inode-cache hash table entries: 262144 (order: 9, 2097152 bytes)
[    0.012014] Mount-cache hash table entries: 8192 (order: 4, 65536 bytes)
[    0.013169] Mountpoint-cache hash table entries: 8192 (order: 4, 65536 bytes)
[    0.014458] mce: CPU supports 0 MCE banks
[    0.016014] Last level iTLB entries: 4KB 512, 2MB 8, 4MB 8
[    0.016909] Last level dTLB entries: 4KB 512, 2MB 32, 4MB 32, 1GB 0
[    0.017986] Spectre V2 : Mitigation: Full generic retpoline
[    0.018843] Spectre V2 : Spectre v2 / SpectreRSB mitigation: Filling RSB on context switch
[    0.020002] Speculative Store Bypass: Vulnerable
[    0.020904] Freeing SMP alternatives memory: 36K
[    0.024000] smpboot: CPU0: Intel(R) Core(TM) i7-3770K CPU @ 3.50GHz (family: 0x6, model: 0x3a, stepping: 0x9)
[    0.024093] Performance Events: unsupported p6 CPU model 58 no PMU driver, software events only.
[    0.028044] Hierarchical SRCU implementation.
[    0.032460] NMI watchdog: Perf event create on CPU 0 failed with -2
[    0.033496] NMI watchdog: Perf NMI watchdog permanently disabled
[    0.034584] smp: Bringing up secondary CPUs ...
[    0.036482] x86: Booting SMP configuration:
[    0.037243] .... node  #0, CPUs:      #1
[    0.004000] kvm-clock: cpu 1, msr 0:bcf44041, secondary cpu clock
[    0.004000] mce: CPU supports 0 MCE banks
[    0.040018] smp: Brought up 1 node, 2 CPUs
[    0.040749] smpboot: Max logical packages: 1
[    0.041518] smpboot: Total of 2 processors activated (14073.39 BogoMIPS)
[    0.044049] devtmpfs: initialized
[    0.044647] x86/mm: Memory block size: 128MB
[    0.045601] evm: security.selinux
[    0.046202] evm: security.SMACK64
[    0.046826] evm: security.SMACK64EXEC
[    0.047505] evm: security.SMACK64TRANSMUTE
[    0.048003] evm: security.SMACK64MMAP
[    0.048642] evm: security.apparmor
[    0.049268] evm: security.ima
[    0.049828] evm: security.capability
[    0.050488] clocksource: jiffies: mask: 0xffffffff max_cycles: 0xffffffff, max_idle_ns: 7645041785100000 ns
[    0.052008] futex hash table entries: 512 (order: 3, 32768 bytes)
[    0.053114] pinctrl core: initialized pinctrl subsystem
[    0.054124] RTC time: 19:46:34, date: 04/21/19
[    0.055087] NET: Registered protocol family 16
[    0.056061] audit: initializing netlink subsys (disabled)
[    0.057041] audit: type=2000 audit(1555875997.532:1): state=initialized audit_enabled=0 res=1
[    0.057439] cpuidle: using governor ladder
[    0.057439] cpuidle: using governor menu
[    0.060030] ACPI: bus type PCI registered
[    0.060749] acpiphp: ACPI Hot Plug PCI Controller Driver version: 0.5
[    0.061923] PCI: Using configuration type 1 for base access
[    0.064843] HugeTLB registered 2.00 MiB page size, pre-allocated 0 pages
[    0.068064] ACPI: Added _OSI(Module Device)
[    0.068814] ACPI: Added _OSI(Processor Device)
[    0.072003] ACPI: Added _OSI(3.0 _SCP Extensions)
[    0.072837] ACPI: Added _OSI(Processor Aggregator Device)
[    0.073792] ACPI: Added _OSI(Linux-Dell-Video)
[    0.074536] ACPI: Added _OSI(Linux-Lenovo-NV-HDMI-Audio)
[    0.075463] ACPI: Added _OSI(Linux-HPI-Hybrid-Graphics)
[    0.076226] ACPI: Executed 1 blocks of module-level executable AML code
[    0.080678] ACPI: Interpreter enabled
[    0.081336] ACPI: (supports S0 S5)
[    0.081965] ACPI: Using IOAPIC for interrupt routing
[    0.083029] PCI: Using host bridge windows from ACPI; if necessary, use "pci=nocrs" and report a bug
[    0.084124] ACPI: Enabled 2 GPEs in block 00 to 07
[    0.090352] ACPI: PCI Root Bridge [PCI0] (domain 0000 [bus 00-ff])
[    0.091310] acpi PNP0A03:00: _OSC: OS supports [ASPM ClockPM Segments MSI]
[    0.092021] acpi PNP0A03:00: _OSC: not requesting OS control; OS requires [ExtendedConfig ASPM ClockPM MSI]
[    0.093730] acpi PNP0A03:00: fail to add MMCONFIG information, can't access extended PCI configuration space under this bridge.
[    0.096271] PCI host bridge to bus 0000:00
[    0.097001] pci_bus 0000:00: root bus resource [io  0x0000-0x0cf7 window]
[    0.098171] pci_bus 0000:00: root bus resource [io  0x0d00-0xffff window]
[    0.099337] pci_bus 0000:00: root bus resource [mem 0x000a0000-0x000bffff window]
[    0.100003] pci_bus 0000:00: root bus resource [mem 0xbd000000-0xfdffffff window]
[    0.101324] pci_bus 0000:00: root bus resource [bus 00-ff]
[    0.104498] pci 0000:00:01.1: legacy IDE quirk: reg 0x10: [io  0x01f0-0x01f7]
[    0.105657] pci 0000:00:01.1: legacy IDE quirk: reg 0x14: [io  0x03f6]
[    0.106786] pci 0000:00:01.1: legacy IDE quirk: reg 0x18: [io  0x0170-0x0177]
[    0.108003] pci 0000:00:01.1: legacy IDE quirk: reg 0x1c: [io  0x0376]
[    0.136824] pci 0000:00:07.0: quirk: [io  0x4000-0x403f] claimed by PIIX4 ACPI
[    0.138541] pci 0000:00:07.0: quirk: [io  0x4100-0x410f] claimed by PIIX4 SMB
[    0.162590] ACPI: PCI Interrupt Link [LNKA] (IRQs 5 9 10 *11)
[    0.164496] ACPI: PCI Interrupt Link [LNKB] (IRQs 5 9 *10 11)
[    0.166098] ACPI: PCI Interrupt Link [LNKC] (IRQs 5 *9 10 11)
[    0.168096] ACPI: PCI Interrupt Link [LNKD] (IRQs 5 9 10 *11)
[    0.169287] SCSI subsystem initialized
[    0.170003] pci 0000:00:02.0: vgaarb: setting as boot VGA device
[    0.170003] pci 0000:00:02.0: vgaarb: VGA device added: decodes=io+mem,owns=io+mem,locks=none
[    0.172010] pci 0000:00:02.0: vgaarb: bridge control possible
[    0.172995] vgaarb: loaded
[    0.173531] ACPI: bus type USB registered
[    0.174266] usbcore: registered new interface driver usbfs
[    0.176019] usbcore: registered new interface driver hub
[    0.176974] usbcore: registered new device driver usb
[    0.177904] EDAC MC: Ver: 3.0.0
[    0.177904] PCI: Using ACPI for IRQ routing
[    0.180227] NetLabel: Initializing
[    0.180856] NetLabel:  domain hash size = 128
[    0.181633] NetLabel:  protocols = UNLABELED CIPSOv4 CALIPSO
[    0.182632] NetLabel:  unlabeled traffic allowed by default
[    0.184102] clocksource: Switched to clocksource kvm-clock
[    0.194972] VFS: Disk quotas dquot_6.6.0
[    0.195687] VFS: Dquot-cache hash table entries: 512 (order 0, 4096 bytes)
[    0.196961] AppArmor: AppArmor Filesystem Enabled
[    0.197825] pnp: PnP ACPI init
[    0.199183] pnp: PnP ACPI: found 3 devices
[    0.208631] clocksource: acpi_pm: mask: 0xffffff max_cycles: 0xffffff, max_idle_ns: 2085701024 ns
[    0.210198] NET: Registered protocol family 2
[    0.211148] TCP established hash table entries: 32768 (order: 6, 262144 bytes)
[    0.212466] TCP bind hash table entries: 32768 (order: 7, 524288 bytes)
[    0.213645] TCP: Hash tables configured (established 32768 bind 32768)
[    0.214805] UDP hash table entries: 2048 (order: 4, 65536 bytes)
[    0.215850] UDP-Lite hash table entries: 2048 (order: 4, 65536 bytes)
[    0.216995] NET: Registered protocol family 1
[    0.217781] pci 0000:00:00.0: Limiting direct PCI/PCI transfers
[    0.218817] pci 0000:00:01.0: Activating ISA DMA hang workarounds
[    0.219893] pci 0000:00:02.0: Video device with shadowed ROM at [mem 0x000c0000-0x000dffff]
[    0.221900] Unpacking initramfs...
[    0.423268] Freeing initrd memory: 18980K
[    0.555922] platform rtc_cmos: registered platform RTC device (no PNP device found)
[    0.841458] Scanning for low memory corruption every 60 seconds
[    1.057897] Initialise system trusted keyrings
[    1.191694] Key type blacklist registered
[    1.292055] workingset: timestamp_bits=36 max_order=20 bucket_order=0
[    1.294222] zbud: loaded
[    1.295185] squashfs: version 4.0 (2009/01/31) Phillip Lougher
[    1.296655] fuse init (API version 7.26)
[    1.300016] Key type asymmetric registered
[    1.300956] Asymmetric key parser 'x509' registered
[    1.302080] Block layer SCSI generic (bsg) driver version 0.4 loaded (major 246)
[    1.319408] io scheduler noop registered
[    1.320190] io scheduler deadline registered
[    1.320993] io scheduler cfq registered (default)
[    1.322114] ACPI: AC Adapter [AC] (on-line)
[    1.323200] input: Power Button as /devices/LNXSYSTM:00/LNXPWRBN:00/input/input0
[    1.325136] ACPI: Power Button [PWRF]
[    1.326076] input: Sleep Button as /devices/LNXSYSTM:00/LNXSLPBN:00/input/input1
[    1.327590] ACPI: Sleep Button [SLPF]
[    1.328893] Serial: 8250/16550 driver, 32 ports, IRQ sharing enabled
[    1.353484] 00:02: ttyS0 at I/O 0x3f8 (irq = 4, base_baud = 115200) is a 16550A
[    1.356148] Linux agpgart interface v0.103
[    1.357840] loop: module loaded
[    1.358882] scsi host0: ata_piix
[    1.359614] scsi host1: ata_piix
[    1.360245] ata1: PATA max UDMA/33 cmd 0x1f0 ctl 0x3f6 bmdma 0xd000 irq 14
[    1.361414] ata2: PATA max UDMA/33 cmd 0x170 ctl 0x376 bmdma 0xd008 irq 15
[    1.363058] libphy: Fixed MDIO Bus: probed
[    1.363796] tun: Universal TUN/TAP device driver, 1.6
[    1.364707] PPP generic driver version 2.4.2
[    1.487609] ehci_hcd: USB 2.0 'Enhanced' Host Controller (EHCI) Driver
[    1.531377] ehci-pci: EHCI PCI platform driver
[    1.532197] ehci-platform: EHCI generic platform driver
[    1.533133] ohci_hcd: USB 1.1 'Open' Host Controller (OHCI) Driver
[    1.534137] ohci-pci: OHCI PCI platform driver
[    1.534892] ohci-platform: OHCI generic platform driver
[    1.535761] uhci_hcd: USB Universal Host Controller Interface driver
[    1.536910] i8042: PNP: PS/2 Controller [PNP0303:PS2K,PNP0f03:PS2M] at 0x60,0x64 irq 1,12
[    1.538673] serio: i8042 KBD port at 0x60,0x64 irq 1
[    1.539574] serio: i8042 AUX port at 0x60,0x64 irq 12
[    1.540527] mousedev: PS/2 mouse device common for all mice
[    1.541702] rtc_cmos rtc_cmos: rtc core: registered rtc_cmos as rtc0
[    1.542757] rtc_cmos rtc_cmos: alarms up to one day, 114 bytes nvram
[    1.543851] i2c /dev entries driver
[    1.544532] pcie_mp2_amd: AMD(R) PCI-E MP2 Communication Driver Version: 1.0
[    1.545750] input: AT Translated Set 2 keyboard as /devices/platform/i8042/serio0/input/input2
[    1.547320] device-mapper: uevent: version 1.0.3
[    1.548215] device-mapper: ioctl: 4.37.0-ioctl (2017-09-20) initialised: dm-devel@redhat.com
[    1.549727] ledtrig-cpu: registered to indicate activity on CPUs
[    1.551085] NET: Registered protocol family 10
[    1.555123] Segment Routing with IPv6
[    1.555774] NET: Registered protocol family 17
[    1.556603] Key type dns_resolver registered
[    1.557491] RAS: Correctable Errors collector initialized.
[    1.558451] sched_clock: Marking stable (1557445437, 0)->(2658768434, -1101322997)
[    1.560064] registered taskstats version 1
[    1.560801] Loading compiled-in X.509 certificates
[    1.563617] Loaded X.509 cert 'Build time autogenerated kernel key: b873a790e41754b50f7dbae45b6bd46229c3c73f'
[    1.565487] tsc: Refined TSC clocksource calibration: 3518.110 MHz
[    1.566643] clocksource: tsc: mask: 0xffffffffffffffff max_cycles: 0x32b62507498, max_idle_ns: 440795323760 ns
[    1.568075] zswap: loaded using pool lzo/zbud
[    1.572477] Key type big_key registered
[    1.573108] Key type trusted registered
[    1.575043] Key type encrypted registered
[    1.575692] AppArmor: AppArmor sha1 policy hashing enabled
[    1.576537] ima: No TPM chip found, activating TPM-bypass! (rc=-19)
[    1.577423] ima: Allocated hash algorithm: sha1
[    1.578104] evm: HMAC attrs: 0x1
[    1.578838]   Magic number: 15:816:799
[    1.579517] rtc_cmos rtc_cmos: setting system clock to 2019-04-21 19:46:35 UTC (1555875995)
[    1.581366] BIOS EDD facility v0.16 2004-Jun-25, 0 devices found
[    1.582546] EDD information not available.
[    1.585124] Freeing unused kernel memory: 2408K
[    1.600052] Write protecting the kernel read-only data: 20480k
[    1.602210] Freeing unused kernel memory: 2008K
[    1.607204] Freeing unused kernel memory: 1892K
[    1.614226] x86/mm: Checked W+X mappings: passed, no W+X pages found.
[    1.615654] x86/mm: Checking user space page tables
[    1.621572] x86/mm: Checked W+X mappings: passed, no W+X pages found.
Loading, please wait...
starting version 237
[    1.685447] e1000: Intel(R) PRO/1000 Network Driver - version 7.3.21-k8-NAPI
[    1.686676] e1000: Copyright (c) 1999-2006 Intel Corporation.
[    1.707332] AVX version of gcm_enc/dec engaged.
[    1.708210] AES CTR mode by8 optimization enabled
[    1.713661] Fusion MPT base driver 3.04.20
[    1.714452] Copyright (c) 1999-2008 LSI Corporation
[    1.727376] Fusion MPT SPI Host driver 3.04.20
[    1.922333] input: ImExPS/2 Generic Explorer Mouse as /devices/platform/i8042/serio1/input/input4
[    2.048743] e1000 0000:00:03.0 eth0: (PCI:33MHz:32-bit) 02:c5:de:4e:7c:a4
[    2.190215] e1000 0000:00:03.0 eth0: Intel(R) PRO/1000 Network Connection
[    2.192027] mptbase: ioc0: Initiating bringup
[    2.328863] ioc0: LSI53C1030 A0: Capabilities={Initiator}
[    3.051101] scsi host2: ioc0: LSI53C1030 A0, FwRev=00000000h, Ports=1, MaxQ=256, IRQ=20
[    3.448894] scsi 2:0:0:0: Direct-Access     VBOX     HARDDISK         1.0  PQ: 0 ANSI: 5
[    3.494057] scsi target2:0:0: Beginning Domain Validation
[    3.498833] scsi target2:0:0: Domain Validation skipping write tests
[    3.501072] scsi target2:0:0: Ending Domain Validation
[    3.502722] scsi target2:0:0: asynchronous
[    3.504244] scsi 2:0:1:0: Direct-Access     VBOX     HARDDISK         1.0  PQ: 0 ANSI: 5
[    3.778458] scsi target2:0:1: Beginning Domain Validation
[    3.815519] e1000 0000:00:08.0 eth1: (PCI:33MHz:32-bit) 08:00:27:1e:7c:53
[    3.815523] e1000 0000:00:08.0 eth1: Intel(R) PRO/1000 Network Connection
[    4.551652] e1000 0000:00:03.0 enp0s3: renamed from eth0
[    4.556839] random: fast init done
[    4.557550] scsi target2:0:1: Domain Validation skipping write tests
[    4.569260] scsi target2:0:1: Ending Domain Validation
[    4.570715] random: systemd-udevd: uninitialized urandom read (16 bytes read)
[    4.570785] random: systemd-udevd: uninitialized urandom read (16 bytes read)
[    4.570802] random: systemd-udevd: uninitialized urandom read (16 bytes read)
[    4.570976] e1000 0000:00:08.0 enp0s8: renamed from eth1
[    4.571065] scsi target2:0:1: asynchronous
[    4.575884] sd 2:0:0:0: [sda] 20971520 512-byte logical blocks: (10.7 GB/10.0 GiB)
[    4.575927] sd 2:0:0:0: [sda] Write Protect is off
[    4.576007] sd 2:0:0:0: [sda] Incomplete mode parameter data
[    4.576008] sd 2:0:0:0: [sda] Assuming drive cache: write through
[    4.595703]  sda: sda1
[    4.630071] sd 2:0:0:0: Attached scsi generic sg0 type 0
[    4.630970] sd 2:0:0:0: [sda] Attached SCSI disk
[    5.250231] sd 2:0:1:0: [sdb] 20480 512-byte logical blocks: (10.5 MB/10.0 MiB)
[    5.251888] sd 2:0:1:0: [sdb] Write Protect is off
[    5.253224] sd 2:0:1:0: [sdb] Incomplete mode parameter data
[    5.254643] sd 2:0:1:0: [sdb] Assuming drive cache: write through
[    5.256121] sd 2:0:1:0: Attached scsi generic sg1 type 0
[    5.259044] sd 2:0:1:0: [sdb] Attached SCSI disk
Begin: Loading essential drivers ... [    6.656037] raid6: sse2x1   gen() 11398 MB/s
[    6.708032] raid6: sse2x1   xor()  8201 MB/s
[    6.760019] raid6: sse2x2   gen() 13085 MB/s
[    6.808035] raid6: sse2x2   xor()  8594 MB/s
[    6.860038] raid6: sse2x4   gen() 16258 MB/s
[    6.908031] raid6: sse2x4   xor() 11056 MB/s
[    6.908757] raid6: using algorithm sse2x4 gen() 16258 MB/s
[    6.909606] raid6: .... xor() 11056 MB/s, rmw enabled
[    6.910428] raid6: using ssse3x2 recovery algorithm
[    6.912578] xor: automatically using best checksumming function   avx       
[    6.915805] async_tx: api initialized (async)
done.
Begin: Running /scripts/init-premount ... done.
Begin: Mounting root file system ... Begin: Running /scripts/local-top ... done.
Begin: Running /scripts/local-premount ... [    6.968078] Btrfs loaded, crc32c=crc32c-intel
Scanning for Btrfs filesystems
done.
Warning: fsck not present, so skipping root file system
[    6.991624] EXT4-fs (sda1): mounted filesystem with ordered data mode. Opts: (null)
done.
Begin: Running /scripts/local-bottom ... done.
Begin: Running /scripts/init-bottom ... done.
[    7.139030] ip_tables: (C) 2000-2006 Netfilter Core Team
[    7.146482] systemd[1]: systemd 237 running in system mode. (+PAM +AUDIT +SELINUX +IMA +APPARMOR +SMACK +SYSVINIT +UTMP +LIBCRYPTSETUP +GCRYPT +GNUTLS +ACL +XZ +LZ4 +SECCOMP +BLKID +ELFUTILS +KMOD -IDN2 +IDN -PCRE2 default-hierarchy=hybrid)
[    7.150131] systemd[1]: Detected virtualization oracle.
[    7.151188] systemd[1]: Detected architecture x86-64.

Welcome to [1mUbuntu 18.04.2 LTS[0m!

[    7.156979] systemd[1]: Set hostname to <ubuntu>.
[    7.159780] systemd[1]: Initializing machine ID from random generator.
[    7.160792] systemd[1]: Installed transient /etc/machine-id file.
[    7.353075] systemd[1]: Set up automount Arbitrary Executable File Formats File System Automount Point.
[[0;32m  OK  [0m] Set up automount Arbitrary Executab…rmats File System Automount Point.
[    7.356653] systemd[1]: Reached target Swap.
[[0;32m  OK  [0m] Reached target Swap.
[    7.357921] systemd[1]: Reached target System Time Synchronized.
[[0;32m  OK  [0m] Reached target System Time Synchronized.
[    7.361039] systemd[1]: Created slice System Slice.
[[0;32m  OK  [0m] Created slice System Slice.
[[0;32m  OK  [0m] Listening on Syslog Socket.
[[0;32m  OK  [0m] Listening on udev Control Socket.
[[0;32m  OK  [0m] Listening on LVM2 metadata daemon socket.
[[0;32m  OK  [0m] Listening on LVM2 poll daemon socket.
[[0;32m  OK  [0m] Listening on Journal Audit Socket.
[[0;32m  OK  [0m] Created slice User and Session Slice.
[[0;32m  OK  [0m] Listening on Network Service Netlink Socket.
[[0;32m  OK  [0m] Reached target Slices.
[[0;32m  OK  [0m] Reached target User and Group Name Lookups.
[[0;32m  OK  [0m] Listening on Device-mapper event daemon FIFOs.
[[0;32m  OK  [0m] Started Forward Password Requests to Wall Directory Watch.
[[0;32m  OK  [0m] Listening on Journal Socket (/dev/log).
[[0;32m  OK  [0m] Listening on /dev/initctl Compatibility Named Pipe.
[[0;32m  OK  [0m] Listening on udev Kernel Socket.
[[0;32m  OK  [0m] Listening on Journal Socket.
         Starting Create list of required st…ce nodes for the current kernel...
         Starting Uncomplicated firewall...
         Starting Remount Root and Kernel File Systems...
         Starting udev Coldplug all Devices...
         Starting Journal Service...
         Mounting POSIX Message Queue File System...
         Mounting Kernel Debug File System...
         Starting Set the console keyboard layout...
         Starting Monitoring of LVM2 mirrors…ng dmeventd or progress polling...
         Mounting Huge Pages File System...
         Starting Load Kernel Modules...
[[0;32m  OK  [0m] Created slice system-serial\x2dgetty.slice.
[[0;32m  OK  [0m] Started Journal Service.
[[0;32m  OK  [0m] Started Create list of required sta…vice nodes for the current kernel.
[[0;32m  OK  [0m] Started Uncomplicated firewall.
         Starting Create Static Device Nodes in /dev...
[    7.513173] Loading iSCSI transport class v2.0-870.
[[0;32m  OK  [0m] Started udev Coldplug all Devices.
[    7.519653] iscsi: registered transport (tcp)
[[0;32m  OK  [0m] Started Create Static Device Nodes in /dev.
[    7.874724] iscsi: registered transport (iser)
[[0;32m  OK  [0m] Started Load Kernel Modules.
         Starting Apply Kernel Variables...
         Mounting FUSE Control File System...
         Mounting Kernel Configuration File System...
[[0;32m  OK  [0m] Started Apply Kernel Variables.
[[0;32m  OK  [0m] Mounted POSIX Message Queue File System.
[[0;32m  OK  [0m] Started Remount Root and Kernel File Systems.
[[0;32m  OK  [0m] Mounted Kernel Debug File System.
[[0;32m  OK  [0m] Mounted Huge Pages File System.
[[0;32m  OK  [0m] Mounted FUSE Control File System.
[[0;32m  OK  [0m] Mounted Kernel Configuration File System.
[[0;32m  OK  [0m] Started LVM2 metadata daemon.
         Starting udev Kernel Device Manager...
         Starting Initial cloud-init job (pre-networking)...
         Starting Load/Save Random Seed...
         Starting Flush Journal to Persistent Storage...
[[0;32m  OK  [0m] Started Set the console keyboard layout.
[[0;32m  OK  [0m] Started Load/Save Random Seed.
[[0;32m  OK  [0m] Started udev Kernel Device Manager.
[[0;32m  OK  [0m] Started Dispatch Password Requests to Console Directory Watch.
[[0;32m  OK  [0m] Reached target Local Encrypted Volumes.
[[0;32m  OK  [0m] Started Monitoring of LVM2 mirrors,…sing dmeventd or progress polling.
[[0;32m  OK  [0m] Reached target Local File Systems (Pre).
[[0;32m  OK  [0m] Reached target Local File Systems.
         Starting AppArmor initialization...
         Starting Set console font and keymap...
         Starting Commit a transient machine-id on disk...
         Starting Tell Plymouth To Write Out Runtime Data...
         Starting ebtables ruleset management...
[[0;32m  OK  [0m] Started Set console font and keymap.
[[0;32m  OK  [0m] Started Tell Plymouth To Write Out Runtime Data.
[[0;32m  OK  [0m] Started Flush Journal to Persistent Storage.
         Starting Create Volatile Files and Directories...
[[0;32m  OK  [0m] Started Commit a transient machine-id on disk.
[[0;32m  OK  [0m] Started Create Volatile Files and Directories.
         Starting Update UTMP about System Boot/Shutdown...
[[0;32m  OK  [0m] Started Update UTMP about System Boot/Shutdown.
[[0;32m  OK  [0m] Started ebtables ruleset management.
[[0;32m  OK  [0m] Found device /dev/ttyS0.
[[0;32m  OK  [0m] Listening on Load/Save RF Kill Switch Status /dev/rfkill Watch.
[[0;32m  OK  [0m] Started AppArmor initialization.
[    9.853993] cloud-init[422]: Cloud-init v. 18.5-21-g8ee294d5-0ubuntu1~18.04.1 running 'init-local' at Sun, 21 Apr 2019 19:46:43 +0000. Up 9.49 seconds.
[[0;32m  OK  [0m] Started Initial cloud-init job (pre-networking).
[[0;32m  OK  [0m] Reached target Network (Pre).
         Starting Network Service...
[[0;32m  OK  [0m] Started Network Service.
         Starting Network Name Resolution...
         Starting Wait for Network to be Configured...
[[0;32m  OK  [0m] Started Network Name Resolution.
[[0;32m  OK  [0m] Reached target Host and Network Name Lookups.
[[0;32m  OK  [0m] Reached target Network.
[[0;32m  OK  [0m] Started Wait for Network to be Configured.
         Starting Initial cloud-init job (metadata service crawler)...
[   12.415925] cloud-init[647]: Cloud-init v. 18.5-21-g8ee294d5-0ubuntu1~18.04.1 running 'init' at Sun, 21 Apr 2019 19:46:46 +0000. Up 12.27 seconds.
[   12.456376] cloud-init[647]: ci-info: ++++++++++++++++++++++++++++++++++++++Net device info+++++++++++++++++++++++++++++++++++++++
[   12.459295] cloud-init[647]: ci-info: +--------+-------+----------------------------+---------------+--------+-------------------+
[   12.468919] cloud-init[647]: ci-info: | Device |   Up  |          Address           |      Mask     | Scope  |     Hw-Address    |
[   12.474095] cloud-init[647]: ci-info: +--------+-------+----------------------------+---------------+--------+-------------------+
[   12.477174] cloud-init[647]: ci-info: | enp0s3 |  True |         10.0.2.15          | 255.255.255.0 | global | 02:c5:de:4e:7c:a4 |
[   12.483065] cloud-init[647]: ci-info: | enp0s3 |  True | fe80::c5:deff:fe4e:7ca4/64 |       .       |  link  | 02:c5:de:4e:7c:a4 |
[   12.493757] cloud-init[647]: ci-info: | enp0s8 | False |             .              |       .       |   .    | 08:00:27:1e:7c:53 |
[   12.501777] cloud-init[647]: ci-info: |   lo   |  True |         127.0.0.1          |   255.0.0.0   |  host  |         .         |
[   12.504078] cloud-init[647]: ci-info: |   lo   |  True |          ::1/128           |       .       |  host  |         .         |
[   12.506355] cloud-init[647]: ci-info: +--------+-------+----------------------------+---------------+--------+-------------------+
[   12.521649] cloud-init[647]: ci-info: ++++++++++++++++++++++++++++Route IPv4 info+++++++++++++++++++++++++++++
[   12.530845] cloud-init[647]: ci-info: +-------+-------------+----------+-----------------+-----------+-------+
[   12.533419] cloud-init[647]: ci-info: | Route | Destination | Gateway  |     Genmask     | Interface | Flags |
[   12.535626] cloud-init[647]: ci-info: +-------+-------------+----------+-----------------+-----------+-------+
[   12.546400] cloud-init[647]: ci-info: |   0   |   0.0.0.0   | 10.0.2.2 |     0.0.0.0     |   enp0s3  |   UG  |
[   12.552711] cloud-init[647]: ci-info: |   1   |   10.0.2.0  | 0.0.0.0  |  255.255.255.0  |   enp0s3  |   U   |
[   12.555084] cloud-init[647]: ci-info: |   2   |   10.0.2.2  | 0.0.0.0  | 255.255.255.255 |   enp0s3  |   UH  |
[   12.561521] cloud-init[647]: ci-info: +-------+-------------+----------+-----------------+-----------+-------+
[   12.568472] cloud-init[647]: ci-info: +++++++++++++++++++Route IPv6 info+++++++++++++++++++
[   12.575425] cloud-init[647]: ci-info: +-------+-------------+---------+-----------+-------+
[   12.576852] cloud-init[647]: ci-info: | Route | Destination | Gateway | Interface | Flags |
[   12.579185] cloud-init[647]: ci-info: +-------+-------------+---------+-----------+-------+
[   12.582161] cloud-init[647]: ci-info: |   1   |  fe80::/64  |    ::   |   enp0s3  |   U   |
[   12.596430] cloud-init[647]: ci-info: |   3   |    local    |    ::   |   enp0s3  |   U   |
[   12.598486] cloud-init[647]: ci-info: |   4   |   ff00::/8  |    ::   |   enp0s3  |   U   |
[   12.601813] cloud-init[647]: ci-info: +-------+-------------+---------+-----------+-------+
[   12.983972] cloud-init[647]: Generating public/private rsa key pair.
[   12.985381] cloud-init[647]: Your identification has been saved in /etc/ssh/ssh_host_rsa_key.
[   12.987020] cloud-init[647]: Your public key has been saved in /etc/ssh/ssh_host_rsa_key.pub.
[   12.988715] cloud-init[647]: The key fingerprint is:
[   12.989734] cloud-init[647]: SHA256:SvFz8BoaCHKIwRuWHcQTPMD4dyCyjFVLt0MOTvqT5TE root@ubuntu-bionic
[   13.009338] cloud-init[647]: The key's randomart image is:
[   13.010300] cloud-init[647]: +---[RSA 2048]----+
[   13.011086] cloud-init[647]: |=.B=B o          |
[   13.011857] cloud-init[647]: |+Oo@.* .         |
[   13.012654] cloud-init[647]: |B=*.=.E .        |
[   13.013413] cloud-init[647]: |o=.o.=.* o       |
[   13.014179] cloud-init[647]: |   .=.+ S o      |
[   13.041090] cloud-init[647]: |     o + =       |
[   13.041975] cloud-init[647]: |      o .        |
[   13.042822] cloud-init[647]: |                 |
[   13.043649] cloud-init[647]: |                 |
[   13.044469] cloud-init[647]: +----[SHA256]-----+
[   13.056273] cloud-init[647]: Generating public/private dsa key pair.
[   13.057482] cloud-init[647]: Your identification has been saved in /etc/ssh/ssh_host_dsa_key.
[   13.059300] cloud-init[647]: Your public key has been saved in /etc/ssh/ssh_host_dsa_key.pub.
[[0;32m  OK  [0m] Started Initial cloud-init job (metadata service crawler).
[[0;32m  OK  [0m] Reached target Cloud-config availability.
[[0;32m  OK  [0m] Reached target Network is Online.
[   13.064287] cloud-init[647]: The key fingerprint is:
[   13.073497] cloud-init[647]: SHA256:Lnma8i63i116RD3RDUFsbZT7rEPm2xdiVNx5U2pWjuc root@ubuntu-bionic[[0;32m  OK  [0m] Reached target Remote File Systems (Pre).
[[0;32m  OK  [0m] Reached target Remote File Systems.

         Starting Availability of block devices...
[[0;32m  OK  [0m] Reached target System Initialization.
[[0;32m  OK  [0m] Started ACPI Events Check.
[[0;32m  OK  [0m] Listening on ACPID Listen Socket.
[[0;32m  OK  [0m] Started Daily Cleanup of Temporary Directories.
[   13.084587] cloud-init[647]:          Starting LXD - unix socket.
[[0;32m  OK  [0m] Reached target Paths.
[[0;32m  OK  [0m] Started Daily apt download activities.
[[0;32m  OK  [0m] Started Daily apt upgrade and clean activities.
[The key's randomart image is:
[0;32m  OK  [0m] Listening on D-Bus System Message Bus Socket.
[   13.089699] [cloud-init[0;32m  OK  [0m[647]: ] +---[DSA 1024]----+Listening on UUID daemon activation socket.

[[0;32m  OK  [0m] Started Message of the Day.
[   13.106207] [[0;32m  OK  [0m] Started Discard unused blocks once a week.
[[0;32m  OK  [0m] Reached target Timers.
cloud-init[647]: |           ++*o.*|         Starting Socket activation for snappy daemon.
[[0;32m  OK  [0m] Listening on Open-iSCSI iscsid Socket.
[[0;32m  OK  [0m] Started Availability of block devices.
[[0;32m  OK  [0m] Listening on LXD - unix socket.

[   13.112439] cloud-init[647]: |          . + =Xo|
[   13.113526] cloud-init[647]: |         . o .*.=|
[   13.114648] cloud-init[647]: |        . o  +.o |
[   13.115812] cloud-init[647]: |       .S  ..  oE|
[   13.117030] cloud-init[647]: |       o.    oo.o|
[[0;32m  OK  [0m] Listening on Socket activation for snappy daemon.
[   13.134256] cloud-init[647]: |      o.+   .+...|
[   13.136509] cloud-init[647]: |    oo.B.     +..|
[   13.137527] cloud-init[647]: |    .*X+      .oo|
[[0;32m  OK  [0m] Reached target Sockets.
[[0;32m  OK  [0m] Reached target Basic System.
[   13.141174] cloud-init[647]: +----[SHA256]-----+
[   13.145739] cloud-init[647]: Generating public/private ecdsa key pair.
[[0;32m  OK  [0m] Started Regular background program processing daemon.
[   13.150687] cloud-init[647]: Your identification has been saved in /etc/ssh/ssh_host_ecdsa_key.
         Starting Pollinate to seed the pseudo random number generator...
[   13.156760] cloud-init[647]: Your public key has been saved in /etc/ssh/ssh_host_ecdsa_key.pub.[[0;32m  OK  [0m] Started Deferred execution scheduler.

[   13.159972] cloud-init[647]: The key fingerprint is:
[   13.161076] cloud-init[647]: SHA256:HMFvgKnNkOq5XVR+MCTtxRyufVeS1/rHt4t+7dABLbI root@ubuntu-bionic         Starting Dispatcher daemon for systemd-networkd...

[[0;32m  OK  [0m] Started FUSE filesystem for LXC.
         Starting System Logging Service...
         Starting Login Service...
         Starting LSB: Record successful boot for GRUB...
         Starting Accounts Service...
[[0;32m  OK  [0m] Started D-Bus System Message Bus.
[   13.175864] cloud-init[647]: The key's randomart image is:
[   13.177221] cloud-init[647]: +---[ECDSA 256]---+
[   13.188668] cloud-init[647]: |     ..*oo..     |
[   13.191837] cloud-init[647]: |    o o.Bo+   ...|
[   13.203460] cloud-init[647]: |   . = +.*.. oo.+|
[   13.205640] cloud-init[647]: |  . . +.o++ o o= |
[   13.212288] cloud-init[647]: | . . .  So.E. o. |
[   13.213215] cloud-init[647]: |  o   .    . . +.|
[   13.213953] cloud-init[647]: |   o .        . B|
[   13.232905] cloud-init[647]: |  . .         .o=|
[   13.238834] cloud-init[647]: |            .o.+o|
[   13.245611] cloud-init[647]: +----[SHA256]-----+
[   13.254413] cloud-init[647]: Generating public/private ed25519 key pair.
[   13.256442] cloud-init[647]: Your identification has been saved in /etc/ssh/ssh_host_ed25519_key.
[   13.260803] cloud-init[647]: Your public key has been saved in /etc/ssh/ssh_host_ed25519_key.pub.
[   13.262542] cloud-init[647]: The key fingerprint is:
[   13.263984] cloud-init[647]: SHA256:BvhumWjNrLTQo4SKKggoS/M7n0BJmH35eQT45XdwEJw root@ubuntu-bionic
[   13.266441] cloud-init[647]: The key's randomart image is:
         Starting Virtualbox guest utils...
[   13.272634] cloud-init[647]: +--[ED25519 256]--+
         Starting LXD - container startup/shutdown...
[   13.280663] cloud-init[647]: |      ..  .o+    |         Starting LSB: automatic crash report generation...

[   13.285510] cloud-init[647]: |  +  o. .. E .   |
[   13.287318] cloud-init[647]: | o o.oo o.  o    |
[   13.289628] cloud-init[647]: |  . o..oo. . .   |
[   13.292899] cloud-init[647]: |.  o  .oS.. .    |
[   13.294271] cloud-init[647]: |++.. * +.        |
[   13.295288] cloud-init[647]: |*.=.* O          |
[   13.296634] cloud-init[647]: |*. B.=.          |
[   13.298190] cloud-init[647]: |* ..*o           |
[   13.299421] cloud-init[647]: +----[SHA256]-----+
[[0;32m  OK  [0m] Started irqbalance daemon.
         Starting Snappy daemon...
         Starting Permit User Sessions...
[[0;32m  OK  [0m] Started System Logging Service.
[[0;32m  OK  [0m] Started Login Service.
[[0;32m  OK  [0m] Started LXD - container startup/shutdown.
[[0;32m  OK  [0m] Started Permit User Sessions.
         Starting Hold until boot process finishes up...
         Starting Terminate Plymouth Boot Screen...
         Starting Authorization Manager...
[[0;32m  OK  [0m] Started Unattended Upgrades Shutdown.
[[0;32m  OK  [0m] Started Hold until boot process finishes up.
[[0;32m  OK  [0m] Started Terminate Plymouth Boot Screen.
[[0;32m  OK  [0m] Started Serial Getty on ttyS0.
         Starting Set console scheme...
[[0;32m  OK  [0m] Started Set console scheme.
[[0;32m  OK  [0m] Created slice system-getty.slice.
[[0;32m  OK  [0m] Started Getty on tty1.
[[0;32m  OK  [0m] Reached target Login Prompts.
[[0;32m  OK  [0m] Started LSB: Record successful boot for GRUB.
[[0;32m  OK  [0m] Started Virtualbox guest utils.
[[0;32m  OK  [0m] Started LSB: automatic crash report generation.
[[0;32m  OK  [0m] Started Authorization Manager.
[[0;32m  OK  [0m] Started Accounts Service.
[[0;32m  OK  [0m] Started Dispatcher daemon for systemd-networkd.
[[0;32m  OK  [0m] Started Snappy daemon.
         Starting Wait until snapd is fully seeded...
[[0;32m  OK  [0m] Started Pollinate to seed the pseudo random number generator.
         Starting OpenBSD Secure Shell server...
[[0;32m  OK  [0m] Started OpenBSD Secure Shell server.
[[0;32m  OK  [0m] Created slice User Slice of vagrant.
         Starting User Manager for UID 1000...
[[0;32m  OK  [0m] Started Session 1 of user vagrant.
[[0;32m  OK  [0m] Started User Manager for UID 1000.
[[0;32m  OK  [0m] Started Wait until snapd is fully seeded.
         Starting Apply the settings specified in cloud-config...
[[0;32m  OK  [0m] Reached target Multi-User System.
[[0;32m  OK  [0m] Reached target Graphical Interface.
         Starting Update UTMP about System Runlevel Changes...
[[0;32m  OK  [0m] Started Update UTMP about System Runlevel Changes.
[   15.753026] cloud-init[1213]: Cloud-init v. 18.5-21-g8ee294d5-0ubuntu1~18.04.1 running 'modules:config' at Sun, 21 Apr 2019 19:46:49 +0000. Up 15.34 seconds.
[[0;32m  OK  [0m] Started Apply the settings specified in cloud-config.
         Starting Execute cloud user/final scripts...
ci-info: no authorized ssh keys fingerprints found for user ubuntu.
<14>Apr 21 19:46:50 ec2: 
<14>Apr 21 19:46:50 ec2: #############################################################
<14>Apr 21 19:46:50 ec2: -----BEGIN SSH HOST KEY FINGERPRINTS-----
<14>Apr 21 19:46:50 ec2: 1024 SHA256:Lnma8i63i116RD3RDUFsbZT7rEPm2xdiVNx5U2pWjuc root@ubuntu-bionic (DSA)
<14>Apr 21 19:46:50 ec2: 256 SHA256:HMFvgKnNkOq5XVR+MCTtxRyufVeS1/rHt4t+7dABLbI root@ubuntu-bionic (ECDSA)
<14>Apr 21 19:46:50 ec2: 256 SHA256:BvhumWjNrLTQo4SKKggoS/M7n0BJmH35eQT45XdwEJw root@ubuntu-bionic (ED25519)
<14>Apr 21 19:46:50 ec2: 2048 SHA256:SvFz8BoaCHKIwRuWHcQTPMD4dyCyjFVLt0MOTvqT5TE root@ubuntu-bionic (RSA)
<14>Apr 21 19:46:50 ec2: -----END SSH HOST KEY FINGERPRINTS-----
<14>Apr 21 19:46:50 ec2: #############################################################
-----BEGIN SSH HOST KEY KEYS-----
ecdsa-sha2-nistp256 AAAAE2VjZHNhLXNoYTItbmlzdHAyNTYAAAAIbmlzdHAyNTYAAABBBNb1IQdEne1PRf/p8d6H6C0U0AI7WzKelu3cws3tMeCUivaYUsRAF1csPIc/meTB0Gbxw7Dc7OBCpdGdTE5ZZl8= root@ubuntu-bionic
ssh-ed25519 AAAAC3NzaC1lZDI1NTE5AAAAIA+knddvQ1yrzcqyEh3ITuNTgWJ08f0sVXN0y6sfgfkP root@ubuntu-bionic
ssh-rsa AAAAB3NzaC1yc2EAAAADAQABAAABAQCWYOwhpDTv6PzJV0Yj9U+hlEJNSqEOFijPp/1oO+Cqrze00TCAbunIsFj5cNFzx4qt0LGIDt+0qgqQ+CZfncJ8fCBWazeTAmUt4o7gIUpeysNrICL+i7vSfAXo3myvsGbPc8aRKy2jO6cfnC2EjQ9inTodo68Wx/bUeD05w5blb2Zfj1RIoPeOskJZRRwUoA/YFYinnbPrFR2IO9/jo6VNVh221JFFPPrkRVmYn8txknxyZJ+ckfHofMYJbN9tUuB6xU9y4fbg4Ej9cO/dQEsXvA8fgBiAbz/2VbbrAi5kFjy+HpyZ0smmIqi4HgR6p6MWlwqUsC69uxMrlzGycR9x root@ubuntu-bionic
-----END SSH HOST KEY KEYS-----
[   16.296456] cloud-init[1330]: Cloud-init v. 18.5-21-g8ee294d5-0ubuntu1~18.04.1 running 'modules:final' at Sun, 21 Apr 2019 19:46:50 +0000. Up 16.11 seconds.
[   16.298474] cloud-init[1330]: ci-info: no authorized ssh keys fingerprints found for user ubuntu.
[   16.299808] cloud-init[1330]: Cloud-init v. 18.5-21-g8ee294d5-0ubuntu1~18.04.1 finished at Sun, 21 Apr 2019 19:46:50 +0000. Datasource DataSourceNoCloud [seed=/dev/sdb][dsmode=net].  Up 16.28 seconds
[[0;32m  OK  [0m] Started Execute cloud user/final scripts.
[[0;32m  OK  [0m] Reached target Cloud-init target.

Ubuntu 18.04.2 LTS ubuntu-bionic ttyS0

ubuntu-bionic login: 